[00:47:35] WARNING: Accepted unusual valence(s): P+1(1); Omitted undefined stereo
[00:47:37] WARNING: Accepted unusual valence(s): S(1)
[00:47:37] WARNING: Accepted unusual valence(s): N(2)
[00:47:37] WARNING: Accepted unusual valence(s): N(2)
[00:47:37] WARNING: Accepted unusual valence(s): N(2)
[00:47:37] WARNING: Accepted unusual valence(s): N(2)
[00:47:37] WARNING: Accepted unusual valence(s): N(2)
[00:47:37] WARNING: Accepted unusual valence(s): N(2)
[00:47:37] WARNING: Accepted unusual valence(s): N(2)
[00:47:37] WARNING: Accepted unusual valence(s): N(2)
[00:47:37] WARNING: Accepted unusual valence(s): N(2)
[00:47:39] WARNING: Accepted unusual valence(s): P+1(1)
[00:47:39] WARNING: Accepted unusual valence(s): C(2)
[00:47:39] WARNING: Accepted unusual valence(s): C(2)
[00:47:39] WARNING: Accepted unusual valence(s): C(2)
[00:47:39] WARNING: Accepted unusual valence(s): C(2)
[00:47:39] WARNING: Accepted unusual valence(s): C(2)
[00:47:39] WARNING: Accepted unusual valence(s): C(2)
[00:47:39] WARNING: Accepted unusual valence(s): C(2)
[00:47:39] WARNING: Accepted unusual valence(s): C(2)
[00:47:39] WARNING: Accepted unusual valence(s): C(2)
[00:47:39] WARNING: Accepted unusual valence(s): C(2)
[00:47:39] WARNING: Accepted unusual valence(s): C(2)
[00:47:42] WARNING: not removing hydrogen atom without neighbors
[00:47:42] WARNING: not removing hydrogen atom without neighbors
[00:47:42] WARNING: not removing hydrogen atom without neighbors
[00:47:42] WARNING: not removing hydrogen atom without neighbors
[00:47:42] WARNING: not removing hydrogen atom without neighbors
[00:47:42] WARNING: not removing hydrogen atom without neighbors
[00:47:42] WARNING: not removing hydrogen atom without neighbors
[00:47:42] WARNING: not removing hydrogen atom without neighbors
[00:47:42] WARNING: not removing hydrogen atom without neighbors
[00:47:42] WARNING: not removing hydrogen atom without neighbors
[00:47:42] WARNING: not removing hydrogen atom without neighbors
[00:47:42] WARNING: not removing hydrogen atom without neighbors
[00:47:45] WARNING: not removing hydrogen atom without neighbors
[00:47:45] WARNING: not removing hydrogen atom without neighbors
[00:47:45] WARNING: not removing hydrogen atom without neighbors
[00:47:45] WARNING: not removing hydrogen atom without neighbors
[00:47:45] WARNING: not removing hydrogen atom without neighbors
[00:47:45] WARNING: not removing hydrogen atom without neighbors
[00:47:45] WARNING: not removing hydrogen atom without neighbors
[00:47:45] WARNING: not removing hydrogen atom without neighbors
[00:47:45] WARNING: not removing hydrogen atom without neighbors
[00:47:48] WARNING: Accepted unusual valence(s): C(2)
[00:47:48] WARNING: Accepted unusual valence(s): C(2)
[00:47:48] WARNING: Accepted unusual valence(s): C(2)
[00:47:48] WARNING: Accepted unusual valence(s): C(2)
[00:47:48] WARNING: Accepted unusual valence(s): C(2)
[00:47:48] WARNING: Accepted unusual valence(s): C(2)
[00:47:48] WARNING: Accepted unusual valence(s): C(2)
[00:47:48] WARNING: Accepted unusual valence(s): C(2)
[00:47:48] WARNING: Accepted unusual valence(s): C(2)
[00:47:48] WARNING: Accepted unusual valence(s): C(2)
[00:47:49] WARNING: Accepted unusual valence(s): B(2)
[00:47:49] WARNING: Accepted unusual valence(s): B(2)
[00:47:49] WARNING: Accepted unusual valence(s): B(2)
[00:47:50] WARNING: Accepted unusual valence(s): C(2)
[00:47:50] WARNING: Accepted unusual valence(s): C(2)
[00:47:50] WARNING: Accepted unusual valence(s): C(2)
[00:47:50] WARNING: Accepted unusual valence(s): C(2)
[00:47:50] WARNING: Accepted unusual valence(s): C(2)
[00:47:50] WARNING: Accepted unusual valence(s): C(2)
[00:47:50] WARNING: Accepted unusual valence(s): C(2)
[00:47:50] WARNING: Accepted unusual valence(s): C(2)
[00:47:52] WARNING: Accepted unusual valence(s): S-1(2)
[00:47:52] WARNING: Accepted unusual valence(s): S-1(2)
[00:47:52] WARNING: Accepted unusual valence(s): S-1(2)
[00:47:52] WARNING: Accepted unusual valence(s): S-1(2)
[00:47:52] WARNING: Accepted unusual valence(s): S-1(2)
[00:47:52] WARNING: Accepted unusual valence(s): S-1(2)
[00:47:52] WARNING: Accepted unusual valence(s): S-1(2)
[00:47:52] WARNING: Accepted unusual valence(s): S-1(2)
[00:47:52] WARNING: Accepted unusual valence(s): S-1(2)
[00:47:53] WARNING: Accepted unusual valence(s): B(2)
[00:47:53] WARNING: Accepted unusual valence(s): S-1(2)
[00:47:53] WARNING: Omitted undefined stereo
[00:47:53] WARNING: Omitted undefined stereo
[00:47:53] WARNING: Omitted undefined stereo
[00:47:53] WARNING: Omitted undefined stereo
[00:47:53] WARNING: Omitted undefined stereo
[00:47:53] WARNING: Omitted undefined stereo
[00:47:53] WARNING: Omitted undefined stereo
[00:47:53] WARNING: Omitted undefined stereo
[00:47:54] WARNING: Omitted undefined stereo
[00:47:54] WARNING: not removing hydrogen atom without neighbors
[00:47:59] WARNING: not removing hydrogen atom without neighbors
[00:48:00] WARNING: Accepted unusual valence(s): C(3)
[00:48:00] WARNING: Omitted undefined stereo
[00:48:01] WARNING: Accepted unusual valence(s): C(2)
[00:48:01] WARNING: Accepted unusual valence(s): C(2)
[00:48:01] WARNING: Accepted unusual valence(s): C(2)
[00:48:01] WARNING: Accepted unusual valence(s): C(2)
[00:48:01] WARNING: Accepted unusual valence(s): C(2)
[00:48:01] WARNING: Accepted unusual valence(s): C(2)
[00:48:01] WARNING: Accepted unusual valence(s): C(2)
[00:48:01] WARNING: Accepted unusual valence(s): C(2)
[00:48:01] WARNING: Accepted unusual valence(s): O(1)
[00:48:04] WARNING: Accepted unusual valence(s): C(3)
[00:48:04] WARNING: Accepted unusual valence(s): C(2)
[00:48:04] WARNING: Accepted unusual valence(s): C(2)
[00:48:04] WARNING: Accepted unusual valence(s): C(2)
[00:48:04] WARNING: Accepted unusual valence(s): C(2)
[00:48:04] WARNING: Accepted unusual valence(s): C(2)
[00:48:04] WARNING: Accepted unusual valence(s): C(2)
[00:48:04] WARNING: Accepted unusual valence(s): C(2)
[00:48:04] WARNING: Accepted unusual valence(s): C(2)
[00:48:05] WARNING: not removing hydrogen atom without neighbors
[00:48:05] WARNING: not removing hydrogen atom without neighbors
[00:48:05] WARNING: not removing hydrogen atom without neighbors
[00:48:05] WARNING: not removing hydrogen atom without neighbors
[00:48:05] WARNING: not removing hydrogen atom without neighbors
[00:48:05] WARNING: not removing hydrogen atom without neighbors
[00:48:05] WARNING: not removing hydrogen atom without neighbors
[00:48:05] WARNING: not removing hydrogen atom without neighbors
[00:48:05] WARNING: not removing hydrogen atom without neighbors
[00:48:05] WARNING: not removing hydrogen atom without neighbors
[00:48:05] WARNING: not removing hydrogen atom without neighbors
[00:48:05] WARNING: not removing hydrogen atom without neighbors
[00:48:05] WARNING: Accepted unusual valence(s): S+1(2)
[00:48:06] WARNING: Proton(s) added/removed
[00:48:06] WARNING: Proton(s) added/removed
[00:48:06] WARNING: Proton(s) added/removed
[00:48:06] WARNING: Proton(s) added/removed
[00:48:06] WARNING: Proton(s) added/removed
[00:48:06] WARNING: Proton(s) added/removed
[00:48:10] WARNING: Accepted unusual valence(s): C(3)
[00:48:10] WARNING: Accepted unusual valence(s): C(3)
[00:48:10] WARNING: Accepted unusual valence(s): C(3)
[00:48:10] WARNING: Accepted unusual valence(s): C(3)
[00:48:10] WARNING: Accepted unusual valence(s): C(3)
[00:48:10] WARNING: Accepted unusual valence(s): C(3)
[00:48:11] WARNING: Accepted unusual valence(s): C(3)
[00:48:11] WARNING: Accepted unusual valence(s): C(3)
[00:48:11] WARNING: Accepted unusual valence(s): C(3)
[00:48:11] WARNING: Accepted unusual valence(s): C(3)
[00:48:11] WARNING: Accepted unusual valence(s): C(3)
[00:48:11] WARNING: Accepted unusual valence(s): C(3)
[00:48:11] WARNING: Accepted unusual valence(s): B(1)
[00:48:14] WARNING: Proton(s) added/removed
[00:48:15] WARNING: not removing hydrogen atom without neighbors
[00:48:16] WARNING: Proton(s) added/removed
[00:48:16] WARNING: Accepted unusual valence(s): O(1)
[00:48:16] WARNING: Accepted unusual valence(s): O(1)
[00:48:16] WARNING: Accepted unusual valence(s): O(1)
[00:48:16] WARNING: Accepted unusual valence(s): O(1)
[00:48:16] WARNING: Accepted unusual valence(s): O(1)
[00:48:16] WARNING: Accepted unusual valence(s): O(1)
[00:48:16] WARNING: Accepted unusual valence(s): O(1)
[00:48:16] WARNING: Accepted unusual valence(s): O(1)
[00:48:16] WARNING: Accepted unusual valence(s): O(1)
[00:48:16] WARNING: Accepted unusual valence(s): O(1)
[00:48:17] WARNING: Accepted unusual valence(s): O(1)
[00:48:17] WARNING: Accepted unusual valence(s): O(1)
[00:48:17] WARNING: Accepted unusual valence(s): P+1(2)
[00:48:17] WARNING: Accepted unusual valence(s): P+1(2)
[00:48:20] WARNING: not removing hydrogen atom without neighbors
[00:48:20] WARNING: not removing hydrogen atom without neighbors
[00:48:20] WARNING: not removing hydrogen atom without neighbors
[00:48:20] WARNING: not removing hydrogen atom without neighbors
[00:48:20] WARNING: not removing hydrogen atom without neighbors
[00:48:20] WARNING: not removing hydrogen atom without neighbors
[00:48:20] WARNING: not removing hydrogen atom without neighbors
[00:48:20] WARNING: not removing hydrogen atom without neighbors
[00:48:20] WARNING: not removing hydrogen atom without neighbors
[00:48:20] WARNING: not removing hydrogen atom without neighbors
[00:48:20] WARNING: Proton(s) added/removed
[00:48:22] WARNING: Accepted unusual valence(s): C(1)
[00:48:22] WARNING: Accepted unusual valence(s): C(1)
[00:48:22] WARNING: Accepted unusual valence(s): C(1)
[00:48:22] WARNING: Accepted unusual valence(s): C(1)
[00:48:22] WARNING: Accepted unusual valence(s): C(1)
[00:48:23] WARNING: Accepted unusual valence(s): C(1)
[00:48:23] WARNING: Accepted unusual valence(s): C(1)
[00:48:23] WARNING: Accepted unusual valence(s): C(1)
[00:48:23] WARNING: Accepted unusual valence(s): C(1)
[00:48:23] WARNING: Accepted unusual valence(s): C(1)
[00:48:23] WARNING: Proton(s) added/removed
[00:48:24] WARNING: Accepted unusual valence(s): C(1)
[00:48:24] WARNING: Accepted unusual valence(s): C(1)
[00:48:26] WARNING: Accepted unusual valence(s): N+1(2); Proton(s) added/removed
[00:48:27] WARNING: not removing hydrogen atom without neighbors
[00:48:27] WARNING: not removing hydrogen atom without neighbors
[00:48:27] WARNING: not removing hydrogen atom without neighbors
[00:48:27] WARNING: not removing hydrogen atom without neighbors
[00:48:27] WARNING: not removing hydrogen atom without neighbors
[00:48:27] WARNING: not removing hydrogen atom without neighbors
[00:48:27] WARNING: not removing hydrogen atom without neighbors
[00:48:27] WARNING: not removing hydrogen atom without neighbors
[00:48:27] WARNING: not removing hydrogen atom without neighbors
[00:48:27] WARNING: Accepted unusual valence(s): N+1(1)
[00:48:33] WARNING: Accepted unusual valence(s): S(3)
[00:48:33] WARNING: Accepted unusual valence(s): S(3)
[00:48:33] WARNING: Accepted unusual valence(s): S(3)
[00:48:33] WARNING: Accepted unusual valence(s): S(3)
[00:48:33] WARNING: Accepted unusual valence(s): S(3)
[00:48:33] WARNING: Accepted unusual valence(s): S(3)
[00:48:33] WARNING: Accepted unusual valence(s): S(3)
[00:48:33] WARNING: Accepted unusual valence(s): S(3)
[00:48:33] WARNING: Accepted unusual valence(s): S(3)
[00:48:33] WARNING: Accepted unusual valence(s): S(3)
[00:48:33] WARNING: Accepted unusual valence(s): S(3)
[00:48:33] WARNING: Accepted unusual valence(s): S(3)
[00:48:33] WARNING: Accepted unusual valence(s): S(3)
[00:48:35] WARNING: not removing hydrogen atom without neighbors
[00:48:35] WARNING: not removing hydrogen atom without neighbors
[00:48:35] WARNING: not removing hydrogen atom without neighbors
[00:48:35] WARNING: not removing hydrogen atom without neighbors
[00:48:35] WARNING: not removing hydrogen atom without neighbors
[00:48:35] WARNING: not removing hydrogen atom without neighbors
[00:48:35] WARNING: not removing hydrogen atom without neighbors
[00:48:36] WARNING: not removing hydrogen atom without neighbors
[00:48:36] WARNING: not removing hydrogen atom without neighbors
[00:48:36] WARNING: not removing hydrogen atom without neighbors
[00:48:36] WARNING: not removing hydrogen atom without neighbors
[00:48:36] WARNING: not removing hydrogen atom without neighbors
[00:48:36] WARNING: not removing hydrogen atom without neighbors
[00:48:38] WARNING: Accepted unusual valence(s): N+1(2)
[00:48:38] WARNING: Accepted unusual valence(s): N+1(1)
[00:48:39] WARNING: Proton(s) added/removed
[00:48:39] WARNING: Proton(s) added/removed
[00:48:40] WARNING: Proton(s) added/removed
[00:48:40] WARNING: Proton(s) added/removed
[00:48:40] WARNING: Proton(s) added/removed
[00:48:40] WARNING: Proton(s) added/removed
[00:48:40] WARNING: Proton(s) added/removed
[00:48:40] WARNING: not removing hydrogen atom without neighbors
[00:48:40] WARNING: Accepted unusual valence(s): P+1(3)
[00:48:40] WARNING: Accepted unusual valence(s): P+1(3)
[00:48:40] WARNING: Accepted unusual valence(s): P+1(3)
[00:48:40] WARNING: Accepted unusual valence(s): P+1(3)
[00:48:40] WARNING: Accepted unusual valence(s): P+1(3)
[00:48:40] WARNING: Accepted unusual valence(s): P+1(3)
[00:48:40] WARNING: Accepted unusual valence(s): P+1(3)
[00:48:40] WARNING: Accepted unusual valence(s): P+1(3)
[00:48:40] WARNING: Accepted unusual valence(s): P+1(3)
[00:48:40] WARNING: Accepted unusual valence(s): P+1(3)
[00:48:40] WARNING: Accepted unusual valence(s): P+1(3)
[00:48:40] WARNING: Accepted unusual valence(s): P+1(3)
[00:48:40] WARNING: Accepted unusual valence(s): P+1(3)
