[17:04:01] WARNING: Omitted undefined stereo
[17:04:02] WARNING: Omitted undefined stereo
[17:04:02] WARNING: Omitted undefined stereo
[17:04:02] WARNING: Omitted undefined stereo
[17:04:02] WARNING: Omitted undefined stereo
[17:04:03] WARNING: Omitted undefined stereo
[17:04:03] WARNING: Omitted undefined stereo
[17:04:03] WARNING: Omitted undefined stereo
[17:04:03] WARNING: Omitted undefined stereo
[17:04:03] WARNING: Omitted undefined stereo
[17:04:04] WARNING: Omitted undefined stereo
[17:04:04] WARNING: Accepted unusual valence(s): O(1); Omitted undefined stereo
[17:04:07] WARNING: Accepted unusual valence(s): C(2); Omitted undefined stereo
[17:04:07] WARNING: Omitted undefined stereo
[17:04:08] WARNING: Omitted undefined stereo
[17:04:08] WARNING: Omitted undefined stereo
[17:04:08] WARNING: Omitted undefined stereo
[17:04:08] WARNING: Omitted undefined stereo
[17:04:08] WARNING: Omitted undefined stereo
[17:04:08] WARNING: Omitted undefined stereo
[17:04:09] WARNING: Omitted undefined stereo
[17:04:09] WARNING: Omitted undefined stereo
[17:04:09] WARNING: Omitted undefined stereo
[17:04:10] WARNING: Omitted undefined stereo
[17:04:10] WARNING: Omitted undefined stereo
[17:04:10] WARNING: Omitted undefined stereo
[17:04:11] WARNING: Omitted undefined stereo
[17:04:11] WARNING: Omitted undefined stereo
[17:04:12] WARNING: Omitted undefined stereo
[17:04:12] WARNING: Omitted undefined stereo
[17:04:12] WARNING: Omitted undefined stereo
[17:04:12] WARNING: Omitted undefined stereo
[17:04:13] WARNING: Omitted undefined stereo
[17:04:13] WARNING: Omitted undefined stereo
[17:04:13] WARNING: Omitted undefined stereo
[17:04:13] WARNING: Omitted undefined stereo
[17:04:13] WARNING: Omitted undefined stereo
[17:04:13] WARNING: Omitted undefined stereo
[17:04:14] WARNING: Omitted undefined stereo
[17:04:14] WARNING: Omitted undefined stereo
[17:04:14] WARNING: Omitted undefined stereo
[17:04:14] WARNING: Omitted undefined stereo
[17:04:14] WARNING: Omitted undefined stereo
[17:04:15] WARNING: Omitted undefined stereo
[17:04:15] WARNING: Omitted undefined stereo
[17:04:15] WARNING: Omitted undefined stereo
[17:04:15] WARNING: Omitted undefined stereo
[17:04:16] WARNING: Omitted undefined stereo
[17:04:16] WARNING: Omitted undefined stereo
[17:04:16] WARNING: Omitted undefined stereo
[17:04:16] WARNING: Omitted undefined stereo
[17:04:16] WARNING: Accepted unusual valence(s): C(3); Omitted undefined stereo
[17:04:16] WARNING: Accepted unusual valence(s): C(3); Omitted undefined stereo
[17:04:21] WARNING: Omitted undefined stereo
[17:04:21] WARNING: Omitted undefined stereo
[17:04:22] WARNING: Omitted undefined stereo
[17:04:22] WARNING: Omitted undefined stereo
[17:04:23] WARNING: Omitted undefined stereo
[17:04:23] WARNING: Omitted undefined stereo
[17:04:23] WARNING: Omitted undefined stereo
[17:04:23] WARNING: Omitted undefined stereo
[17:04:23] WARNING: Omitted undefined stereo
[17:04:24] WARNING: Omitted undefined stereo
[17:04:24] WARNING: Omitted undefined stereo
[17:04:24] WARNING: Omitted undefined stereo
[17:04:24] WARNING: Omitted undefined stereo
[17:04:24] WARNING: Omitted undefined stereo
[17:04:24] WARNING: Omitted undefined stereo
[17:04:25] WARNING: Omitted undefined stereo
[17:04:25] WARNING: Omitted undefined stereo
[17:04:25] WARNING: Omitted undefined stereo
[17:04:25] WARNING: Omitted undefined stereo
[17:04:25] WARNING: Omitted undefined stereo
[17:04:25] WARNING: Omitted undefined stereo
[17:04:25] WARNING: Omitted undefined stereo
[17:04:26] WARNING: Omitted undefined stereo
[17:04:26] WARNING: Omitted undefined stereo
[17:04:26] WARNING: Omitted undefined stereo
[17:04:26] WARNING: Omitted undefined stereo
[17:04:27] WARNING: Omitted undefined stereo
[17:04:27] WARNING: Omitted undefined stereo
[17:04:27] WARNING: Omitted undefined stereo
[17:04:27] WARNING: Omitted undefined stereo
[17:04:27] WARNING: Omitted undefined stereo
[17:04:27] WARNING: Omitted undefined stereo
[17:04:28] WARNING: Omitted undefined stereo
[17:04:28] WARNING: Omitted undefined stereo
[17:04:28] WARNING: Omitted undefined stereo
[17:04:28] WARNING: Omitted undefined stereo
[17:04:28] WARNING: Omitted undefined stereo
[17:04:28] WARNING: Omitted undefined stereo
[17:04:29] WARNING: Omitted undefined stereo
[17:04:29] WARNING: Omitted undefined stereo
[17:04:29] WARNING: Omitted undefined stereo
[17:04:29] WARNING: Omitted undefined stereo
[17:04:30] WARNING: Omitted undefined stereo
[17:04:30] WARNING: Omitted undefined stereo
[17:04:30] WARNING: Proton(s) added/removed; Omitted undefined stereo
[17:04:30] WARNING: Omitted undefined stereo
[17:04:30] WARNING: Omitted undefined stereo
[17:04:30] WARNING: Omitted undefined stereo
[17:04:31] WARNING: Omitted undefined stereo
[17:04:31] WARNING: Omitted undefined stereo
[17:04:31] WARNING: Omitted undefined stereo
[17:04:32] WARNING: Omitted undefined stereo
[17:04:32] WARNING: Omitted undefined stereo
[17:04:32] WARNING: Omitted undefined stereo
[17:04:32] WARNING: Omitted undefined stereo
[17:04:32] WARNING: Omitted undefined stereo
[17:04:33] WARNING: Omitted undefined stereo
[17:04:33] WARNING: Omitted undefined stereo
[17:04:33] WARNING: Omitted undefined stereo
[17:04:33] WARNING: Omitted undefined stereo
[17:04:33] WARNING: Omitted undefined stereo
[17:04:34] WARNING: Omitted undefined stereo
[17:04:34] WARNING: Omitted undefined stereo
[17:04:34] WARNING: Omitted undefined stereo
[17:04:34] WARNING: Omitted undefined stereo
[17:04:34] WARNING: Omitted undefined stereo
[17:04:34] WARNING: Omitted undefined stereo
[17:04:34] WARNING: Omitted undefined stereo
[17:04:35] WARNING: Omitted undefined stereo
[17:04:35] WARNING: Omitted undefined stereo
[17:04:36] WARNING: Omitted undefined stereo
[17:04:36] WARNING: Omitted undefined stereo
[17:04:37] WARNING: Omitted undefined stereo
[17:04:37] WARNING: Omitted undefined stereo
[17:04:37] WARNING: Omitted undefined stereo
[17:04:37] WARNING: Omitted undefined stereo
[17:04:38] WARNING: Omitted undefined stereo
[17:04:38] WARNING: Omitted undefined stereo
[17:04:38] WARNING: Omitted undefined stereo
[17:04:38] WARNING: Omitted undefined stereo
[17:04:38] WARNING: Omitted undefined stereo
[17:04:39] WARNING: Omitted undefined stereo
[17:04:39] WARNING: Omitted undefined stereo
[17:04:39] WARNING: Omitted undefined stereo
[17:04:39] WARNING: Omitted undefined stereo
[17:04:40] WARNING: Omitted undefined stereo
[17:04:40] WARNING: Omitted undefined stereo
[17:04:40] WARNING: Omitted undefined stereo
[17:04:40] WARNING: Omitted undefined stereo
[17:04:40] WARNING: Omitted undefined stereo
[17:04:41] WARNING: Omitted undefined stereo
[17:04:41] WARNING: Omitted undefined stereo
[17:04:41] WARNING: Omitted undefined stereo
[17:04:44] WARNING: Omitted undefined stereo
[17:04:44] WARNING: Omitted undefined stereo
[17:04:45] WARNING: Omitted undefined stereo
[17:04:45] WARNING: Omitted undefined stereo
[17:04:45] WARNING: Omitted undefined stereo
[17:04:45] WARNING: Omitted undefined stereo
[17:04:45] WARNING: Omitted undefined stereo
[17:04:46] WARNING: Omitted undefined stereo
[17:04:46] WARNING: Omitted undefined stereo
[17:04:46] WARNING: Omitted undefined stereo
[17:04:48] WARNING: Accepted unusual valence(s): N+1(1); Omitted undefined stereo
[17:04:49] WARNING: Omitted undefined stereo
[17:04:49] WARNING: Omitted undefined stereo
[17:04:49] WARNING: Omitted undefined stereo
[17:04:49] WARNING: Omitted undefined stereo
[17:04:49] WARNING: Omitted undefined stereo
[17:04:49] WARNING: Omitted undefined stereo
[17:04:50] WARNING: Omitted undefined stereo
[17:04:50] WARNING: Omitted undefined stereo
[17:04:50] WARNING: Omitted undefined stereo
[17:04:50] WARNING: Omitted undefined stereo
[17:04:50] WARNING: Omitted undefined stereo
[17:04:51] WARNING: Omitted undefined stereo
[17:04:51] WARNING: Omitted undefined stereo
[17:04:51] WARNING: Omitted undefined stereo
[17:04:51] WARNING: Omitted undefined stereo
[17:04:51] WARNING: Omitted undefined stereo
[17:04:53] WARNING: Proton(s) added/removed
[17:04:53] WARNING: Proton(s) added/removed
[17:04:53] WARNING: Proton(s) added/removed
[17:04:54] WARNING: Omitted undefined stereo
[17:04:54] WARNING: Omitted undefined stereo
[17:04:54] WARNING: Omitted undefined stereo
[17:04:55] WARNING: Omitted undefined stereo
[17:04:55] WARNING: Omitted undefined stereo
[17:04:55] WARNING: Omitted undefined stereo
[17:04:55] WARNING: Omitted undefined stereo
[17:04:55] WARNING: Omitted undefined stereo
[17:04:55] WARNING: Accepted unusual valence(s): S(3); Omitted undefined stereo
[17:04:56] WARNING: Omitted undefined stereo
[17:04:56] WARNING: Omitted undefined stereo
[17:04:56] WARNING: Omitted undefined stereo
[17:04:56] WARNING: Omitted undefined stereo
[17:04:57] WARNING: Omitted undefined stereo
[17:04:57] WARNING: Omitted undefined stereo
[17:04:57] WARNING: Omitted undefined stereo
[17:04:57] WARNING: Omitted undefined stereo
[17:04:57] WARNING: Omitted undefined stereo
[17:04:57] WARNING: Omitted undefined stereo
[17:04:58] WARNING: Omitted undefined stereo
[17:04:58] WARNING: Omitted undefined stereo
[17:04:58] WARNING: Omitted undefined stereo
[17:04:58] WARNING: Omitted undefined stereo
[17:04:59] WARNING: Omitted undefined stereo
[17:04:59] WARNING: Omitted undefined stereo
[17:05:00] WARNING: Omitted undefined stereo
[17:05:00] WARNING: Omitted undefined stereo
[17:05:00] WARNING: Omitted undefined stereo
[17:05:00] WARNING: Omitted undefined stereo
[17:05:00] WARNING: Omitted undefined stereo
[17:05:00] WARNING: Omitted undefined stereo
[17:05:00] WARNING: Omitted undefined stereo
[17:05:01] WARNING: Omitted undefined stereo
[17:05:01] WARNING: Omitted undefined stereo
[17:05:01] WARNING: Omitted undefined stereo
[17:05:01] WARNING: Omitted undefined stereo
[17:05:02] WARNING: Omitted undefined stereo
[17:05:02] WARNING: Omitted undefined stereo
[17:05:02] WARNING: Omitted undefined stereo
[17:05:02] WARNING: Omitted undefined stereo
[17:05:02] WARNING: Omitted undefined stereo
[17:05:03] WARNING: Omitted undefined stereo
[17:05:03] WARNING: Omitted undefined stereo
[17:05:03] WARNING: Omitted undefined stereo
[17:05:03] WARNING: Omitted undefined stereo
[17:05:03] WARNING: Omitted undefined stereo
[17:05:04] WARNING: Omitted undefined stereo
[17:05:04] WARNING: Omitted undefined stereo
[17:05:04] WARNING: Omitted undefined stereo
[17:05:05] WARNING: Omitted undefined stereo
[17:05:05] WARNING: Omitted undefined stereo
[17:05:05] WARNING: Omitted undefined stereo
[17:05:05] WARNING: Omitted undefined stereo
[17:05:05] WARNING: Omitted undefined stereo
[17:05:06] WARNING: Omitted undefined stereo
[17:05:06] WARNING: Omitted undefined stereo
[17:05:06] WARNING: Omitted undefined stereo
[17:05:06] WARNING: Omitted undefined stereo
[17:05:07] WARNING: Omitted undefined stereo
[17:05:07] WARNING: Omitted undefined stereo
[17:05:07] WARNING: Omitted undefined stereo
[17:05:07] WARNING: Omitted undefined stereo
[17:05:08] WARNING: Omitted undefined stereo
[17:05:08] WARNING: Omitted undefined stereo
[17:05:08] WARNING: Omitted undefined stereo
[17:05:08] WARNING: Omitted undefined stereo
[17:05:08] WARNING: Omitted undefined stereo
[17:05:09] WARNING: Omitted undefined stereo
[17:05:09] WARNING: Omitted undefined stereo
[17:05:09] WARNING: Omitted undefined stereo
[17:05:09] WARNING: Omitted undefined stereo
[17:05:09] WARNING: Omitted undefined stereo
[17:05:14] WARNING: Omitted undefined stereo
[17:05:14] WARNING: Omitted undefined stereo
[17:05:15] WARNING: Omitted undefined stereo
[17:05:15] WARNING: Omitted undefined stereo
[17:05:15] WARNING: Omitted undefined stereo
[17:05:15] WARNING: Omitted undefined stereo
[17:05:16] WARNING: Omitted undefined stereo
[17:05:16] WARNING: Omitted undefined stereo
[17:05:16] WARNING: Omitted undefined stereo
[17:05:16] WARNING: Omitted undefined stereo
[17:05:16] WARNING: Omitted undefined stereo
[17:05:17] WARNING: Omitted undefined stereo
[17:05:17] WARNING: Omitted undefined stereo
[17:05:18] WARNING: Omitted undefined stereo
[17:05:18] WARNING: Omitted undefined stereo
[17:05:18] WARNING: Omitted undefined stereo
[17:05:18] WARNING: Omitted undefined stereo
[17:05:18] WARNING: Omitted undefined stereo
[17:05:19] WARNING: Omitted undefined stereo
[17:05:19] WARNING: Omitted undefined stereo
[17:05:19] WARNING: Omitted undefined stereo
[17:05:19] WARNING: Omitted undefined stereo
[17:05:19] WARNING: Omitted undefined stereo
[17:05:20] WARNING: Omitted undefined stereo
[17:05:20] WARNING: Omitted undefined stereo
[17:05:20] WARNING: Omitted undefined stereo
[17:05:20] WARNING: Omitted undefined stereo
[17:05:20] WARNING: Omitted undefined stereo
[17:05:20] WARNING: Omitted undefined stereo
[17:05:21] WARNING: Omitted undefined stereo
[17:05:21] WARNING: Omitted undefined stereo
[17:05:21] WARNING: Omitted undefined stereo
[17:05:21] WARNING: Omitted undefined stereo
[17:05:21] WARNING: Omitted undefined stereo
[17:05:22] WARNING: Omitted undefined stereo
[17:05:22] WARNING: Omitted undefined stereo
[17:05:22] WARNING: Omitted undefined stereo
[17:05:22] WARNING: Omitted undefined stereo
[17:05:23] WARNING: Omitted undefined stereo
[17:05:23] WARNING: Omitted undefined stereo
[17:05:24] WARNING: Omitted undefined stereo
[17:05:24] WARNING: Omitted undefined stereo
[17:05:24] WARNING: Omitted undefined stereo
[17:05:24] WARNING: Omitted undefined stereo
[17:05:24] WARNING: Omitted undefined stereo
[17:05:25] WARNING: Omitted undefined stereo
[17:05:25] WARNING: Omitted undefined stereo
[17:05:25] WARNING: Omitted undefined stereo
[17:05:26] WARNING: Omitted undefined stereo
[17:05:26] WARNING: Omitted undefined stereo
[17:05:26] WARNING: Omitted undefined stereo
[17:05:26] WARNING: Omitted undefined stereo
[17:05:26] WARNING: Omitted undefined stereo
[17:05:27] WARNING: Omitted undefined stereo
[17:05:27] WARNING: Omitted undefined stereo
[17:05:27] WARNING: Omitted undefined stereo
[17:05:28] WARNING: Omitted undefined stereo
[17:05:28] WARNING: Omitted undefined stereo
[17:05:28] WARNING: Omitted undefined stereo
[17:05:28] WARNING: Omitted undefined stereo
[17:05:29] WARNING: Omitted undefined stereo
[17:05:29] WARNING: Omitted undefined stereo
[17:05:29] WARNING: Omitted undefined stereo
[17:05:29] WARNING: Omitted undefined stereo
[17:05:30] WARNING: Omitted undefined stereo
[17:05:30] WARNING: Omitted undefined stereo
[17:05:30] WARNING: Omitted undefined stereo
[17:05:30] WARNING: Accepted unusual valence(s): S(1); Omitted undefined stereo
[17:05:31] WARNING: Omitted undefined stereo
[17:05:31] WARNING: Omitted undefined stereo
[17:05:31] WARNING: Omitted undefined stereo
[17:05:31] WARNING: Omitted undefined stereo
[17:05:32] WARNING: Omitted undefined stereo
[17:05:32] WARNING: Omitted undefined stereo
[17:05:32] WARNING: Omitted undefined stereo
[17:05:32] WARNING: Omitted undefined stereo
[17:05:32] WARNING: Omitted undefined stereo
[17:05:33] WARNING: Omitted undefined stereo
[17:05:33] WARNING: Omitted undefined stereo
[17:05:33] WARNING: Omitted undefined stereo
[17:05:34] WARNING: Omitted undefined stereo
[17:05:34] WARNING: Omitted undefined stereo
[17:05:34] WARNING: Omitted undefined stereo
[17:05:34] WARNING: Omitted undefined stereo
[17:05:35] WARNING: Omitted undefined stereo
[17:05:35] WARNING: Omitted undefined stereo
[17:05:35] WARNING: Accepted unusual valence(s): O(1); Omitted undefined stereo
[17:05:35] WARNING: Omitted undefined stereo
[17:05:35] WARNING: Omitted undefined stereo
[17:05:35] WARNING: Omitted undefined stereo
[17:05:37] WARNING: Omitted undefined stereo
[17:05:38] WARNING: Omitted undefined stereo
[17:05:38] WARNING: Omitted undefined stereo
[17:05:38] WARNING: Omitted undefined stereo
[17:05:38] WARNING: Omitted undefined stereo
[17:05:38] WARNING: Omitted undefined stereo
[17:05:38] WARNING: Omitted undefined stereo
[17:05:39] WARNING: Omitted undefined stereo
[17:05:39] WARNING: Omitted undefined stereo
[17:05:39] WARNING: Omitted undefined stereo
[17:05:39] WARNING: Omitted undefined stereo
[17:05:39] WARNING: Omitted undefined stereo
[17:05:40] WARNING: Omitted undefined stereo
[17:05:40] WARNING: Omitted undefined stereo
[17:05:40] WARNING: Omitted undefined stereo
[17:05:40] WARNING: Omitted undefined stereo
[17:05:40] WARNING: Omitted undefined stereo
[17:05:40] WARNING: Omitted undefined stereo
[17:05:41] WARNING: Omitted undefined stereo
[17:05:41] WARNING: Omitted undefined stereo
[17:05:41] WARNING: Omitted undefined stereo
[17:05:41] WARNING: Omitted undefined stereo
[17:05:41] WARNING: Omitted undefined stereo
[17:05:42] WARNING: Omitted undefined stereo
[17:05:42] WARNING: Accepted unusual valence(s): N+1(2)
[17:05:44] WARNING: Omitted undefined stereo
[17:05:44] WARNING: Omitted undefined stereo
[17:05:45] WARNING: Omitted undefined stereo
[17:05:45] WARNING: Omitted undefined stereo
[17:05:45] WARNING: Omitted undefined stereo
[17:05:45] WARNING: Omitted undefined stereo
[17:05:45] WARNING: Omitted undefined stereo
[17:05:46] WARNING: Omitted undefined stereo
[17:05:46] WARNING: Omitted undefined stereo
[17:05:46] WARNING: Omitted undefined stereo
[17:05:46] WARNING: Omitted undefined stereo
[17:05:46] WARNING: Omitted undefined stereo
[17:05:46] WARNING: Omitted undefined stereo
[17:05:47] WARNING: Omitted undefined stereo
[17:05:49] WARNING: Omitted undefined stereo
[17:05:49] WARNING: Omitted undefined stereo
[17:05:50] WARNING: Omitted undefined stereo
[17:05:50] WARNING: Omitted undefined stereo
[17:05:51] WARNING: Omitted undefined stereo
[17:05:51] WARNING: Omitted undefined stereo
[17:05:51] WARNING: Omitted undefined stereo
[17:05:51] WARNING: Omitted undefined stereo
[17:05:51] WARNING: Accepted unusual valence(s): N+1(2)
[17:05:52] WARNING: Omitted undefined stereo
[17:05:52] WARNING: Omitted undefined stereo
[17:05:52] WARNING: Omitted undefined stereo
[17:05:52] WARNING: Omitted undefined stereo
[17:05:52] WARNING: Omitted undefined stereo
[17:05:52] WARNING: Omitted undefined stereo
[17:05:53] WARNING: Omitted undefined stereo
[17:05:53] WARNING: Omitted undefined stereo
[17:05:53] WARNING: Omitted undefined stereo
[17:05:53] WARNING: Omitted undefined stereo
[17:05:54] WARNING: Accepted unusual valence(s): C(2); Omitted undefined stereo
[17:05:54] WARNING: Accepted unusual valence(s): C(2); Omitted undefined stereo
[17:05:54] WARNING: Omitted undefined stereo
[17:05:54] WARNING: Omitted undefined stereo
[17:05:54] WARNING: Omitted undefined stereo
[17:05:55] WARNING: Omitted undefined stereo
[17:05:55] WARNING: Omitted undefined stereo
[17:05:55] WARNING: Omitted undefined stereo
[17:05:55] WARNING: Omitted undefined stereo
[17:05:55] WARNING: Omitted undefined stereo
[17:05:56] WARNING: Omitted undefined stereo
[17:05:56] WARNING: Omitted undefined stereo
[17:05:56] WARNING: Omitted undefined stereo
[17:05:58] WARNING: Omitted undefined stereo
[17:05:58] WARNING: Omitted undefined stereo
[17:06:01] WARNING: Omitted undefined stereo
[17:06:01] WARNING: Omitted undefined stereo
[17:06:01] WARNING: Omitted undefined stereo
[17:06:01] WARNING: Omitted undefined stereo
[17:06:02] WARNING: Omitted undefined stereo
[17:06:02] WARNING: Omitted undefined stereo
[17:06:02] WARNING: Omitted undefined stereo
[17:06:02] WARNING: Omitted undefined stereo
[17:06:02] WARNING: Omitted undefined stereo
[17:06:02] WARNING: Omitted undefined stereo
[17:06:02] WARNING: Omitted undefined stereo
[17:06:02] WARNING: Omitted undefined stereo
[17:06:03] WARNING: Omitted undefined stereo
[17:06:03] WARNING: Omitted undefined stereo
[17:06:05] WARNING: Omitted undefined stereo
[17:06:05] WARNING: Omitted undefined stereo
[17:06:05] WARNING: Omitted undefined stereo
[17:06:06] WARNING: Omitted undefined stereo
[17:06:06] WARNING: Omitted undefined stereo
[17:06:08] WARNING: Omitted undefined stereo
[17:06:08] WARNING: Omitted undefined stereo
[17:06:08] WARNING: Omitted undefined stereo
[17:06:08] WARNING: Omitted undefined stereo
[17:06:08] WARNING: Omitted undefined stereo
[17:06:08] WARNING: Omitted undefined stereo
[17:06:09] WARNING: Omitted undefined stereo
[17:06:09] WARNING: Omitted undefined stereo
[17:06:09] WARNING: Omitted undefined stereo
[17:06:09] WARNING: Omitted undefined stereo
[17:06:10] WARNING: Omitted undefined stereo
[17:06:10] WARNING: Omitted undefined stereo
[17:06:10] WARNING: Omitted undefined stereo
[17:06:10] WARNING: Omitted undefined stereo
[17:06:10] WARNING: Omitted undefined stereo
[17:06:11] WARNING: Omitted undefined stereo
[17:06:11] WARNING: Omitted undefined stereo
[17:06:11] WARNING: Omitted undefined stereo
[17:06:11] WARNING: Omitted undefined stereo
[17:06:11] WARNING: Omitted undefined stereo
[17:06:11] WARNING: Omitted undefined stereo
[17:06:12] WARNING: Omitted undefined stereo
[17:06:12] WARNING: Omitted undefined stereo
[17:06:12] WARNING: Omitted undefined stereo
[17:06:12] WARNING: Omitted undefined stereo
[17:06:12] WARNING: Omitted undefined stereo
[17:06:12] WARNING: Accepted unusual valence(s): C(3)
[17:06:12] WARNING: Omitted undefined stereo
[17:06:13] WARNING: Omitted undefined stereo
[17:06:13] WARNING: Omitted undefined stereo
[17:06:13] WARNING: Omitted undefined stereo
[17:06:13] WARNING: Omitted undefined stereo
[17:06:14] WARNING: Omitted undefined stereo
[17:06:14] WARNING: Omitted undefined stereo
[17:06:14] WARNING: Omitted undefined stereo
[17:06:14] WARNING: Omitted undefined stereo
[17:06:14] WARNING: Omitted undefined stereo
[17:06:14] WARNING: Omitted undefined stereo
[17:06:15] WARNING: Omitted undefined stereo
[17:06:15] WARNING: Omitted undefined stereo
[17:06:15] WARNING: Omitted undefined stereo
[17:06:15] WARNING: Omitted undefined stereo
[17:06:16] WARNING: Omitted undefined stereo
[17:06:16] WARNING: Omitted undefined stereo
[17:06:16] WARNING: Omitted undefined stereo
[17:06:17] WARNING: Omitted undefined stereo
[17:06:17] WARNING: Omitted undefined stereo
[17:06:17] WARNING: Omitted undefined stereo
[17:06:17] WARNING: Omitted undefined stereo
[17:06:18] WARNING: Omitted undefined stereo
[17:06:18] WARNING: Omitted undefined stereo
[17:06:18] WARNING: Omitted undefined stereo
[17:06:18] WARNING: Omitted undefined stereo
[17:06:18] WARNING: Omitted undefined stereo
[17:06:18] WARNING: Omitted undefined stereo
[17:06:19] WARNING: Omitted undefined stereo
[17:06:19] WARNING: Omitted undefined stereo
[17:06:19] WARNING: Accepted unusual valence(s): C(2); Omitted undefined stereo
[17:06:19] WARNING: Omitted undefined stereo
[17:06:20] WARNING: Omitted undefined stereo
[17:06:20] WARNING: Omitted undefined stereo
[17:06:20] WARNING: Omitted undefined stereo
[17:06:21] WARNING: Omitted undefined stereo
[17:06:21] WARNING: Omitted undefined stereo
[17:06:21] WARNING: Omitted undefined stereo
[17:06:21] WARNING: Omitted undefined stereo
[17:06:21] WARNING: Omitted undefined stereo
[17:06:21] WARNING: Omitted undefined stereo
[17:06:21] WARNING: Omitted undefined stereo
[17:06:22] WARNING: Omitted undefined stereo
[17:06:22] WARNING: Omitted undefined stereo
[17:06:22] WARNING: Omitted undefined stereo
[17:06:23] WARNING: Omitted undefined stereo
[17:06:23] WARNING: Omitted undefined stereo
[17:06:23] WARNING: Omitted undefined stereo
[17:06:23] WARNING: Omitted undefined stereo
[17:06:23] WARNING: Omitted undefined stereo
[17:06:24] WARNING: Omitted undefined stereo
[17:06:24] WARNING: Omitted undefined stereo
[17:06:24] WARNING: Omitted undefined stereo
[17:06:26] WARNING: Omitted undefined stereo
[17:06:28] WARNING: Accepted unusual valence(s): C(3)
[17:06:29] WARNING: Accepted unusual valence(s): C(3)
[17:06:31] WARNING: Omitted undefined stereo
[17:06:31] WARNING: Omitted undefined stereo
[17:06:31] WARNING: Omitted undefined stereo
[17:06:31] WARNING: Omitted undefined stereo
[17:06:32] WARNING: Omitted undefined stereo
[17:06:32] WARNING: Omitted undefined stereo
[17:06:32] WARNING: Omitted undefined stereo
[17:06:32] WARNING: Omitted undefined stereo
[17:06:32] WARNING: Omitted undefined stereo
[17:06:32] WARNING: Omitted undefined stereo
[17:06:33] WARNING: Omitted undefined stereo
[17:06:33] WARNING: Omitted undefined stereo
[17:06:33] WARNING: Omitted undefined stereo
[17:06:34] WARNING: Omitted undefined stereo
[17:06:34] WARNING: Omitted undefined stereo
[17:06:34] WARNING: Omitted undefined stereo
[17:06:34] WARNING: Omitted undefined stereo
[17:06:34] WARNING: Omitted undefined stereo
[17:06:34] WARNING: Omitted undefined stereo
[17:06:35] WARNING: Omitted undefined stereo
[17:06:35] WARNING: Omitted undefined stereo
[17:06:35] WARNING: Omitted undefined stereo
[17:06:35] WARNING: Omitted undefined stereo
[17:06:35] WARNING: Omitted undefined stereo
[17:06:35] WARNING: Omitted undefined stereo
[17:06:36] WARNING: Omitted undefined stereo
[17:06:36] WARNING: Omitted undefined stereo
[17:06:37] WARNING: Omitted undefined stereo
[17:06:37] WARNING: Omitted undefined stereo
[17:06:37] WARNING: Omitted undefined stereo
[17:06:37] WARNING: Omitted undefined stereo
[17:06:37] WARNING: Omitted undefined stereo
[17:06:38] WARNING: Omitted undefined stereo
[17:06:40] WARNING: Accepted unusual valence(s): P(2); Omitted undefined stereo
[17:06:40] WARNING: Omitted undefined stereo
[17:06:41] WARNING: Omitted undefined stereo
[17:06:41] WARNING: Omitted undefined stereo
[17:06:41] WARNING: Omitted undefined stereo
[17:06:41] WARNING: Omitted undefined stereo
[17:06:42] WARNING: Omitted undefined stereo
[17:06:42] WARNING: Omitted undefined stereo
[17:06:43] WARNING: Omitted undefined stereo
[17:06:43] WARNING: Omitted undefined stereo
[17:06:43] WARNING: Omitted undefined stereo
[17:06:43] WARNING: Omitted undefined stereo
[17:06:43] WARNING: Omitted undefined stereo
[17:06:44] WARNING: Omitted undefined stereo
[17:06:44] WARNING: Omitted undefined stereo
[17:06:44] WARNING: Omitted undefined stereo
[17:06:44] WARNING: Omitted undefined stereo
[17:06:45] WARNING: Accepted unusual valence(s): N(2)
[17:06:47] WARNING: Accepted unusual valence(s): N+1(2)
[17:06:47] WARNING: Omitted undefined stereo
[17:06:48] WARNING: Omitted undefined stereo
[17:06:48] WARNING: Omitted undefined stereo
[17:06:48] WARNING: Omitted undefined stereo
[17:06:49] WARNING: Omitted undefined stereo
[17:06:49] WARNING: Omitted undefined stereo
[17:06:49] WARNING: Omitted undefined stereo
[17:06:49] WARNING: Omitted undefined stereo
[17:06:49] WARNING: Omitted undefined stereo
[17:06:52] WARNING: Omitted undefined stereo
[17:06:52] WARNING: Omitted undefined stereo
[17:06:52] WARNING: Omitted undefined stereo
[17:06:52] WARNING: Omitted undefined stereo
[17:06:53] WARNING: Omitted undefined stereo
[17:06:53] WARNING: Omitted undefined stereo
[17:06:53] WARNING: Omitted undefined stereo
[17:06:54] WARNING: Omitted undefined stereo
[17:06:54] WARNING: Omitted undefined stereo
[17:06:54] WARNING: Omitted undefined stereo
[17:06:56] WARNING: Omitted undefined stereo
[17:06:57] WARNING: Omitted undefined stereo
[17:06:57] WARNING: Omitted undefined stereo
[17:06:57] WARNING: Omitted undefined stereo
[17:06:57] WARNING: Omitted undefined stereo
[17:06:58] WARNING: Omitted undefined stereo
[17:06:58] WARNING: Omitted undefined stereo
[17:06:58] WARNING: Omitted undefined stereo
[17:06:58] WARNING: Omitted undefined stereo
[17:06:58] WARNING: Omitted undefined stereo
[17:06:58] WARNING: Omitted undefined stereo
[17:06:58] WARNING: Omitted undefined stereo
[17:06:59] WARNING: Omitted undefined stereo
[17:07:01] WARNING: Omitted undefined stereo
[17:07:01] WARNING: Omitted undefined stereo
[17:07:02] WARNING: Omitted undefined stereo
[17:07:02] WARNING: Omitted undefined stereo
[17:07:02] WARNING: Omitted undefined stereo
[17:07:02] WARNING: Omitted undefined stereo
[17:07:02] WARNING: Omitted undefined stereo
[17:07:03] WARNING: Omitted undefined stereo
[17:07:03] WARNING: Omitted undefined stereo
[17:07:06] WARNING: Omitted undefined stereo
[17:07:06] WARNING: Omitted undefined stereo
[17:07:06] WARNING: Omitted undefined stereo
[17:07:06] WARNING: Omitted undefined stereo
[17:07:06] WARNING: Omitted undefined stereo
[17:07:07] WARNING: Omitted undefined stereo
[17:07:07] WARNING: Omitted undefined stereo
[17:07:07] WARNING: Omitted undefined stereo
[17:07:08] WARNING: Omitted undefined stereo
[17:07:10] WARNING: Omitted undefined stereo
[17:07:10] WARNING: Omitted undefined stereo
[17:07:11] WARNING: Omitted undefined stereo
[17:07:11] WARNING: Omitted undefined stereo
[17:07:11] WARNING: Omitted undefined stereo
[17:07:12] WARNING: Omitted undefined stereo
[17:07:12] WARNING: Omitted undefined stereo
[17:07:12] WARNING: Omitted undefined stereo
[17:07:13] WARNING: Omitted undefined stereo
[17:07:13] WARNING: Omitted undefined stereo
[17:07:13] WARNING: Omitted undefined stereo
[17:07:13] WARNING: Omitted undefined stereo
[17:07:13] WARNING: Omitted undefined stereo
[17:07:14] WARNING: Omitted undefined stereo
[17:07:14] WARNING: Omitted undefined stereo
[17:07:14] WARNING: Omitted undefined stereo
[17:07:14] WARNING: Omitted undefined stereo
[17:07:14] WARNING: Omitted undefined stereo
[17:07:15] WARNING: Omitted undefined stereo
[17:07:15] WARNING: Accepted unusual valence(s): C(3); Omitted undefined stereo
[17:07:15] WARNING: Accepted unusual valence(s): N+1(3); Omitted undefined stereo
[17:07:15] WARNING: Omitted undefined stereo
[17:07:15] WARNING: Omitted undefined stereo
[17:07:15] WARNING: Omitted undefined stereo
[17:07:16] WARNING: Omitted undefined stereo
[17:07:16] WARNING: Omitted undefined stereo
[17:07:16] WARNING: Omitted undefined stereo
[17:07:16] WARNING: Omitted undefined stereo
[17:07:17] WARNING: Omitted undefined stereo
[17:07:17] WARNING: Omitted undefined stereo
[17:07:17] WARNING: Omitted undefined stereo
[17:07:17] WARNING: Omitted undefined stereo
[17:07:18] WARNING: Omitted undefined stereo
[17:07:18] WARNING: Omitted undefined stereo
[17:07:18] WARNING: Omitted undefined stereo
[17:07:18] WARNING: Omitted undefined stereo
[17:07:18] WARNING: Omitted undefined stereo
[17:07:19] WARNING: Omitted undefined stereo
[17:07:19] WARNING: Omitted undefined stereo
[17:07:19] WARNING: Omitted undefined stereo
[17:07:19] WARNING: Omitted undefined stereo
[17:07:19] WARNING: Omitted undefined stereo
[17:07:19] WARNING: Omitted undefined stereo
[17:07:22] WARNING: Accepted unusual valence(s): N+1(3); Omitted undefined stereo
[17:07:22] WARNING: Omitted undefined stereo
[17:07:23] WARNING: Omitted undefined stereo
[17:07:23] WARNING: Omitted undefined stereo
[17:07:23] WARNING: Omitted undefined stereo
[17:07:23] WARNING: Omitted undefined stereo
[17:07:23] WARNING: Omitted undefined stereo
[17:07:24] WARNING: Omitted undefined stereo
[17:07:24] WARNING: Omitted undefined stereo
[17:07:24] WARNING: Omitted undefined stereo
[17:07:24] WARNING: Omitted undefined stereo
[17:07:24] WARNING: Proton(s) added/removed; Omitted undefined stereo
[17:07:24] WARNING: Omitted undefined stereo
[17:07:24] WARNING: Omitted undefined stereo
[17:07:25] WARNING: Omitted undefined stereo
[17:07:25] WARNING: Omitted undefined stereo
[17:07:25] WARNING: Omitted undefined stereo
[17:07:26] WARNING: Omitted undefined stereo
[17:07:26] WARNING: Omitted undefined stereo
[17:07:26] WARNING: Omitted undefined stereo
[17:07:26] WARNING: Omitted undefined stereo
[17:07:26] WARNING: Omitted undefined stereo
[17:07:26] WARNING: Omitted undefined stereo
[17:07:27] WARNING: Omitted undefined stereo
[17:07:27] WARNING: Omitted undefined stereo
[17:07:27] WARNING: Omitted undefined stereo
[17:07:27] WARNING: Omitted undefined stereo
[17:07:28] WARNING: Omitted undefined stereo
[17:07:28] WARNING: Omitted undefined stereo
[17:07:28] WARNING: Omitted undefined stereo
[17:07:29] WARNING: Omitted undefined stereo
[17:07:29] WARNING: Omitted undefined stereo
[17:07:29] WARNING: Omitted undefined stereo
[17:07:29] WARNING: Omitted undefined stereo
[17:07:30] WARNING: Omitted undefined stereo
[17:07:30] WARNING: Omitted undefined stereo
[17:07:30] WARNING: Omitted undefined stereo
[17:07:30] WARNING: Omitted undefined stereo
[17:07:31] WARNING: Omitted undefined stereo
[17:07:31] WARNING: Omitted undefined stereo
[17:07:31] WARNING: Omitted undefined stereo
[17:07:31] WARNING: Omitted undefined stereo
[17:07:32] WARNING: Omitted undefined stereo
[17:07:32] WARNING: Omitted undefined stereo
[17:07:32] WARNING: Omitted undefined stereo
[17:07:32] WARNING: Omitted undefined stereo
[17:07:33] WARNING: Omitted undefined stereo
[17:07:33] WARNING: Omitted undefined stereo
[17:07:33] WARNING: Omitted undefined stereo
[17:07:33] WARNING: Omitted undefined stereo
[17:07:33] WARNING: Omitted undefined stereo
[17:07:33] WARNING: Omitted undefined stereo
[17:07:36] WARNING: Accepted unusual valence(s): C(1)
[17:07:36] WARNING: Accepted unusual valence(s): C(3); Omitted undefined stereo
[17:07:36] WARNING: Accepted unusual valence(s): C(3); Omitted undefined stereo
[17:07:36] WARNING: Accepted unusual valence(s): C(3); Omitted undefined stereo
[17:07:36] WARNING: Accepted unusual valence(s): C(3); Omitted undefined stereo
[17:07:37] WARNING: Accepted unusual valence(s): C(3); Omitted undefined stereo
[17:07:37] WARNING: Accepted unusual valence(s): C(3); Omitted undefined stereo
[17:07:37] WARNING: Accepted unusual valence(s): C(3); Omitted undefined stereo
[17:07:37] WARNING: Accepted unusual valence(s): C(3); Omitted undefined stereo
[17:07:37] WARNING: Accepted unusual valence(s): C(3); Omitted undefined stereo
[17:07:38] WARNING: Accepted unusual valence(s): C(3); Omitted undefined stereo
[17:07:38] WARNING: Omitted undefined stereo
[17:07:38] WARNING: Omitted undefined stereo
[17:07:39] WARNING: Omitted undefined stereo
[17:07:39] WARNING: Omitted undefined stereo
[17:07:39] WARNING: Omitted undefined stereo
[17:07:39] WARNING: Omitted undefined stereo
[17:07:39] WARNING: Omitted undefined stereo
[17:07:39] WARNING: Omitted undefined stereo
[17:07:39] WARNING: Omitted undefined stereo
[17:07:40] WARNING: Omitted undefined stereo
[17:07:40] WARNING: Omitted undefined stereo
[17:07:40] WARNING: Accepted unusual valence(s): N+1(2); Omitted undefined stereo
[17:07:40] WARNING: Omitted undefined stereo
[17:07:41] WARNING: Omitted undefined stereo
[17:07:41] WARNING: Omitted undefined stereo
[17:07:42] WARNING: Omitted undefined stereo
[17:07:42] WARNING: Omitted undefined stereo
[17:07:42] WARNING: Omitted undefined stereo
[17:07:42] WARNING: Omitted undefined stereo
[17:07:42] WARNING: Omitted undefined stereo
[17:07:43] WARNING: Omitted undefined stereo
[17:07:43] WARNING: Omitted undefined stereo
[17:07:45] WARNING: Accepted unusual valence(s): N+1(3)
[17:07:45] WARNING: Accepted unusual valence(s): N+1(3); Omitted undefined stereo
[17:07:45] WARNING: Omitted undefined stereo
[17:07:47] WARNING: Omitted undefined stereo
[17:07:48] WARNING: Omitted undefined stereo
[17:07:48] WARNING: Omitted undefined stereo
[17:07:48] WARNING: Omitted undefined stereo
[17:07:48] WARNING: Omitted undefined stereo
[17:07:48] WARNING: Omitted undefined stereo
[17:07:48] WARNING: Omitted undefined stereo
[17:07:49] WARNING: Omitted undefined stereo
[17:07:49] WARNING: Omitted undefined stereo
[17:07:49] WARNING: Omitted undefined stereo
[17:07:49] WARNING: Omitted undefined stereo
[17:07:49] WARNING: Omitted undefined stereo
[17:07:49] WARNING: Omitted undefined stereo
[17:07:50] WARNING: Omitted undefined stereo
[17:07:50] WARNING: Omitted undefined stereo
[17:07:50] WARNING: Omitted undefined stereo
[17:07:50] WARNING: Omitted undefined stereo
[17:07:50] WARNING: Omitted undefined stereo
[17:07:50] WARNING: Omitted undefined stereo
[17:07:51] WARNING: Omitted undefined stereo
[17:07:51] WARNING: Omitted undefined stereo
[17:07:51] WARNING: Omitted undefined stereo
[17:07:51] WARNING: Omitted undefined stereo
[17:07:51] WARNING: Omitted undefined stereo
[17:07:52] WARNING: Omitted undefined stereo
[17:07:52] WARNING: Accepted unusual valence(s): S(3)
[17:07:52] WARNING: Accepted unusual valence(s): S(3)
[17:07:52] WARNING: Accepted unusual valence(s): S(3)
[17:07:53] WARNING: Accepted unusual valence(s): S(3)
[17:07:53] WARNING: Accepted unusual valence(s): S(3)
[17:07:53] WARNING: Accepted unusual valence(s): S(3)
[17:07:53] WARNING: Accepted unusual valence(s): S(3)
[17:07:53] WARNING: Accepted unusual valence(s): S(3)
[17:07:53] WARNING: Accepted unusual valence(s): S(3)
[17:07:53] WARNING: Accepted unusual valence(s): S(3)
[17:07:54] WARNING: Accepted unusual valence(s): S(3)
[17:07:54] WARNING: Accepted unusual valence(s): S(3)
[17:07:57] WARNING: Omitted undefined stereo
[17:07:57] WARNING: Omitted undefined stereo
[17:07:57] WARNING: Omitted undefined stereo
[17:07:57] WARNING: Omitted undefined stereo
[17:07:58] WARNING: Omitted undefined stereo
[17:07:58] WARNING: Omitted undefined stereo
[17:07:58] WARNING: Omitted undefined stereo
[17:07:59] WARNING: Omitted undefined stereo
[17:07:59] WARNING: Omitted undefined stereo
[17:07:59] WARNING: Omitted undefined stereo
[17:08:00] WARNING: Omitted undefined stereo
[17:08:00] WARNING: Omitted undefined stereo
[17:08:00] WARNING: Omitted undefined stereo
[17:08:00] WARNING: Omitted undefined stereo
[17:08:00] WARNING: Omitted undefined stereo
[17:08:01] WARNING: Omitted undefined stereo
[17:08:01] WARNING: Omitted undefined stereo
[17:08:02] WARNING: Omitted undefined stereo
[17:08:02] WARNING: Omitted undefined stereo
[17:08:02] WARNING: Omitted undefined stereo
[17:08:02] WARNING: Omitted undefined stereo
[17:08:02] WARNING: Omitted undefined stereo
[17:08:03] WARNING: Omitted undefined stereo
[17:08:03] WARNING: Omitted undefined stereo
[17:08:03] WARNING: Omitted undefined stereo
[17:08:03] WARNING: Omitted undefined stereo
[17:08:04] WARNING: Omitted undefined stereo
[17:08:04] WARNING: Omitted undefined stereo
[17:08:04] WARNING: Omitted undefined stereo
[17:08:05] WARNING: Omitted undefined stereo
[17:08:05] WARNING: Omitted undefined stereo
[17:08:05] WARNING: Omitted undefined stereo
[17:08:05] WARNING: Omitted undefined stereo
[17:08:05] WARNING: Omitted undefined stereo
[17:08:06] WARNING: Omitted undefined stereo
[17:08:06] WARNING: Omitted undefined stereo
[17:08:06] WARNING: Omitted undefined stereo
[17:08:06] WARNING: Omitted undefined stereo
[17:08:06] WARNING: Omitted undefined stereo
[17:08:06] WARNING: Omitted undefined stereo
[17:08:07] WARNING: Omitted undefined stereo
[17:08:07] WARNING: Omitted undefined stereo
[17:08:07] WARNING: Omitted undefined stereo
[17:08:07] WARNING: Omitted undefined stereo
[17:08:07] WARNING: Omitted undefined stereo
[17:08:08] WARNING: Omitted undefined stereo
[17:08:08] WARNING: Omitted undefined stereo
[17:08:08] WARNING: Omitted undefined stereo
[17:08:08] WARNING: Omitted undefined stereo
[17:08:09] WARNING: Omitted undefined stereo
[17:08:09] WARNING: Omitted undefined stereo
[17:08:09] WARNING: Omitted undefined stereo
[17:08:09] WARNING: Omitted undefined stereo
[17:08:10] WARNING: Omitted undefined stereo
[17:08:10] WARNING: Omitted undefined stereo
[17:08:10] WARNING: Omitted undefined stereo
[17:08:10] WARNING: Omitted undefined stereo
[17:08:10] WARNING: Omitted undefined stereo
[17:08:10] WARNING: Omitted undefined stereo
[17:08:11] WARNING: Omitted undefined stereo
[17:08:11] WARNING: Omitted undefined stereo
[17:08:11] WARNING: Omitted undefined stereo
[17:08:11] WARNING: Omitted undefined stereo
[17:08:11] WARNING: Omitted undefined stereo
[17:08:11] WARNING: Omitted undefined stereo
[17:08:12] WARNING: Omitted undefined stereo
[17:08:12] WARNING: Omitted undefined stereo
[17:08:12] WARNING: Omitted undefined stereo
[17:08:12] WARNING: Omitted undefined stereo
[17:08:12] WARNING: Omitted undefined stereo
[17:08:13] WARNING: Accepted unusual valence(s): C(1); Omitted undefined stereo
[17:08:13] WARNING: Omitted undefined stereo
[17:08:13] WARNING: Omitted undefined stereo
[17:08:14] WARNING: Omitted undefined stereo
[17:08:14] WARNING: Omitted undefined stereo
[17:08:14] WARNING: Omitted undefined stereo
[17:08:14] WARNING: Omitted undefined stereo
[17:08:14] WARNING: Omitted undefined stereo
[17:08:15] WARNING: Omitted undefined stereo
[17:08:15] WARNING: Omitted undefined stereo
[17:08:15] WARNING: Omitted undefined stereo
