[17:13:48] WARNING: Omitted undefined stereo
[17:13:48] WARNING: Omitted undefined stereo
[17:14:18] WARNING: Omitted undefined stereo
[17:14:18] WARNING: Omitted undefined stereo
[17:14:18] WARNING: Omitted undefined stereo
[17:14:41] WARNING: Omitted undefined stereo
[17:14:41] WARNING: Omitted undefined stereo
[17:15:41] WARNING: Omitted undefined stereo
[17:15:41] WARNING: Omitted undefined stereo
[17:15:41] WARNING: Proton(s) added/removed; Omitted undefined stereo
[17:15:41] WARNING: Omitted undefined stereo
[17:15:41] WARNING: Omitted undefined stereo
[17:15:41] WARNING: Omitted undefined stereo
[17:15:41] WARNING: Omitted undefined stereo
[17:15:41] WARNING: Omitted undefined stereo
[17:15:41] WARNING: Omitted undefined stereo
[17:16:24] WARNING: Omitted undefined stereo
[17:16:24] WARNING: Omitted undefined stereo
[17:16:24] WARNING: Omitted undefined stereo
[17:16:48] WARNING: Omitted undefined stereo
[17:16:48] WARNING: Omitted undefined stereo
[17:16:48] WARNING: Omitted undefined stereo
[17:17:16] WARNING: Omitted undefined stereo
[17:17:16] WARNING: Omitted undefined stereo
[17:17:38] WARNING: Omitted undefined stereo
[17:17:38] WARNING: Omitted undefined stereo
[17:17:38] WARNING: Omitted undefined stereo
[17:17:38] WARNING: Omitted undefined stereo
[17:18:41] WARNING: Omitted undefined stereo
[17:18:41] WARNING: Omitted undefined stereo
[17:18:41] WARNING: Omitted undefined stereo
[17:18:41] WARNING: Omitted undefined stereo
[17:18:41] WARNING: Omitted undefined stereo
[17:19:15] WARNING: Omitted undefined stereo
[17:19:15] WARNING: Omitted undefined stereo
[17:19:15] WARNING: Omitted undefined stereo
[17:19:47] WARNING: Omitted undefined stereo
[17:19:47] WARNING: Omitted undefined stereo
[17:19:47] WARNING: Omitted undefined stereo
[17:19:47] WARNING: Omitted undefined stereo
[17:19:47] WARNING: Omitted undefined stereo
[17:19:47] WARNING: Omitted undefined stereo
[17:19:47] WARNING: Omitted undefined stereo
[17:19:47] WARNING: Omitted undefined stereo
[17:19:47] WARNING: Omitted undefined stereo
[17:19:47] WARNING: Omitted undefined stereo
[17:19:47] WARNING: Omitted undefined stereo
[17:20:32] WARNING: Omitted undefined stereo
[17:20:32] WARNING: Omitted undefined stereo
[17:20:32] WARNING: Omitted undefined stereo
[17:20:32] WARNING: Omitted undefined stereo
[17:20:32] WARNING: Omitted undefined stereo
[17:20:32] WARNING: Omitted undefined stereo
[17:21:05] WARNING: Omitted undefined stereo
[17:21:05] WARNING: Omitted undefined stereo
[17:21:05] WARNING: Omitted undefined stereo
[17:21:05] WARNING: Omitted undefined stereo
[17:21:05] WARNING: Omitted undefined stereo
[17:21:05] WARNING: Omitted undefined stereo
[17:21:05] WARNING: Omitted undefined stereo
[17:21:05] WARNING: Omitted undefined stereo
[17:21:05] WARNING: Omitted undefined stereo
[17:21:05] WARNING: Omitted undefined stereo
[17:21:05] WARNING: Omitted undefined stereo
[17:21:05] WARNING: Omitted undefined stereo
[17:22:23] WARNING: Omitted undefined stereo
[17:22:23] WARNING: Omitted undefined stereo
[17:22:23] WARNING: Omitted undefined stereo
[17:22:23] WARNING: Omitted undefined stereo
[17:22:23] WARNING: Omitted undefined stereo
[17:22:23] WARNING: Omitted undefined stereo
[17:23:08] WARNING: Omitted undefined stereo
[17:23:08] WARNING: Omitted undefined stereo
[17:23:08] WARNING: Omitted undefined stereo
[17:23:08] WARNING: Omitted undefined stereo
[17:23:08] WARNING: Omitted undefined stereo
[17:23:08] WARNING: Omitted undefined stereo
[17:23:08] WARNING: Omitted undefined stereo
[17:23:08] WARNING: Omitted undefined stereo
[17:23:08] WARNING: Omitted undefined stereo
[17:23:50] WARNING: Omitted undefined stereo
[17:23:50] WARNING: Omitted undefined stereo
[17:23:50] WARNING: Omitted undefined stereo
[17:23:50] WARNING: Omitted undefined stereo
[17:23:50] WARNING: Omitted undefined stereo
[17:23:50] WARNING: Omitted undefined stereo
[17:23:50] WARNING: Omitted undefined stereo
[17:23:50] WARNING: Omitted undefined stereo
[17:24:39] WARNING: Omitted undefined stereo
[17:24:39] WARNING: Omitted undefined stereo
[17:24:39] WARNING: Omitted undefined stereo
[17:24:39] WARNING: Omitted undefined stereo
[17:24:39] WARNING: Omitted undefined stereo
[17:24:39] WARNING: Omitted undefined stereo
[17:24:39] WARNING: Omitted undefined stereo
[17:24:39] WARNING: Omitted undefined stereo
[17:24:39] WARNING: Omitted undefined stereo
[17:24:39] WARNING: Omitted undefined stereo
[17:24:39] WARNING: Omitted undefined stereo
[17:25:33] WARNING: Omitted undefined stereo
[17:25:33] WARNING: Omitted undefined stereo
[17:25:33] WARNING: Omitted undefined stereo
[17:25:33] WARNING: Omitted undefined stereo
[17:25:33] WARNING: Omitted undefined stereo
[17:25:33] WARNING: Omitted undefined stereo
[17:25:33] WARNING: Omitted undefined stereo
[17:25:33] WARNING: Omitted undefined stereo
[17:25:33] WARNING: Omitted undefined stereo
[17:25:33] WARNING: Omitted undefined stereo
[17:25:33] WARNING: Omitted undefined stereo
[17:27:11] WARNING: Omitted undefined stereo
[17:27:11] WARNING: Omitted undefined stereo
[17:27:11] WARNING: Omitted undefined stereo
[17:27:11] WARNING: Omitted undefined stereo
[17:27:11] WARNING: Omitted undefined stereo
[17:27:11] WARNING: Omitted undefined stereo
[17:27:11] WARNING: Omitted undefined stereo
[17:27:11] WARNING: Omitted undefined stereo
[17:27:11] WARNING: Omitted undefined stereo
[17:27:11] WARNING: Omitted undefined stereo
[17:27:11] WARNING: Omitted undefined stereo
[17:28:13] WARNING: Omitted undefined stereo
[17:28:13] WARNING: Omitted undefined stereo
[17:28:13] WARNING: Omitted undefined stereo
[17:28:13] WARNING: Omitted undefined stereo
[17:28:13] WARNING: Omitted undefined stereo
[17:28:13] WARNING: Omitted undefined stereo
[17:28:13] WARNING: Omitted undefined stereo
[17:28:13] WARNING: Omitted undefined stereo
[17:28:13] WARNING: Omitted undefined stereo
[17:28:13] WARNING: Omitted undefined stereo
[17:28:13] WARNING: Omitted undefined stereo
[17:28:13] WARNING: Omitted undefined stereo
[17:28:13] WARNING: Omitted undefined stereo
[17:29:05] WARNING: Omitted undefined stereo
[17:29:05] WARNING: Omitted undefined stereo
[17:29:05] WARNING: Omitted undefined stereo
[17:29:05] WARNING: Omitted undefined stereo
[17:29:05] WARNING: Omitted undefined stereo
[17:29:05] WARNING: Omitted undefined stereo
[17:29:56] WARNING: Omitted undefined stereo
[17:29:56] WARNING: Omitted undefined stereo
[17:29:56] WARNING: Omitted undefined stereo
[17:29:56] WARNING: Omitted undefined stereo
[17:29:56] WARNING: Omitted undefined stereo
[17:29:56] WARNING: Omitted undefined stereo
[17:30:44] WARNING: Omitted undefined stereo
[17:30:44] WARNING: Omitted undefined stereo
[17:30:44] WARNING: Omitted undefined stereo
[17:30:44] WARNING: Omitted undefined stereo
[17:30:44] WARNING: Omitted undefined stereo
[17:30:44] WARNING: Omitted undefined stereo
[17:30:44] WARNING: Omitted undefined stereo
[17:32:19] WARNING: Omitted undefined stereo
[17:32:19] WARNING: Omitted undefined stereo
[17:32:19] WARNING: Omitted undefined stereo
[17:32:19] WARNING: Omitted undefined stereo
[17:32:19] WARNING: Omitted undefined stereo
[17:32:19] WARNING: Omitted undefined stereo
[17:32:19] WARNING: Accepted unusual valence(s): S(3); Omitted undefined stereo
[17:32:19] WARNING: Accepted unusual valence(s): S(3); Omitted undefined stereo
[17:32:19] WARNING: Omitted undefined stereo
[17:33:18] WARNING: Omitted undefined stereo
[17:33:18] WARNING: Omitted undefined stereo
[17:33:18] WARNING: Omitted undefined stereo
[17:33:18] WARNING: Omitted undefined stereo
[17:33:18] WARNING: Omitted undefined stereo
[17:33:18] WARNING: Omitted undefined stereo
[17:33:18] WARNING: Omitted undefined stereo
[17:33:18] WARNING: Omitted undefined stereo
[17:33:18] WARNING: Omitted undefined stereo
[17:33:18] WARNING: Omitted undefined stereo
[17:33:18] WARNING: Omitted undefined stereo
[17:33:18] WARNING: Omitted undefined stereo
<frozen importlib._bootstrap>:219: RuntimeWarning: scipy._lib.messagestream.MessageStream size changed, may indicate binary incompatibility. Expected 56 from C header, got 64 from PyObject
/work/mech-ai/bella/MolTransformer_repo/MolTransformer/generative/generative_utils.py:558: SettingWithCopyWarning: 
A value is trying to be set on a copy of a slice from a DataFrame.
Try using .loc[row_indexer,col_indexer] = value instead

See the caveats in the documentation: https://pandas.pydata.org/pandas-docs/stable/user_guide/indexing.html#returning-a-view-versus-a-copy
  df_no_dupes_smiles['InChI'] = df_no_dupes_smiles['SMILES'].apply(safe_smiles_to_inchi)
/work/mech-ai/bella/MolTransformer_repo/MolTransformer/generative/generative_utils.py:558: SettingWithCopyWarning: 
A value is trying to be set on a copy of a slice from a DataFrame.
Try using .loc[row_indexer,col_indexer] = value instead

See the caveats in the documentation: https://pandas.pydata.org/pandas-docs/stable/user_guide/indexing.html#returning-a-view-versus-a-copy
  df_no_dupes_smiles['InChI'] = df_no_dupes_smiles['SMILES'].apply(safe_smiles_to_inchi)
/work/mech-ai/bella/MolTransformer_repo/MolTransformer/generative/generative_utils.py:558: SettingWithCopyWarning: 
A value is trying to be set on a copy of a slice from a DataFrame.
Try using .loc[row_indexer,col_indexer] = value instead

See the caveats in the documentation: https://pandas.pydata.org/pandas-docs/stable/user_guide/indexing.html#returning-a-view-versus-a-copy
  df_no_dupes_smiles['InChI'] = df_no_dupes_smiles['SMILES'].apply(safe_smiles_to_inchi)
/work/mech-ai/bella/MolTransformer_repo/MolTransformer/generative/generative_utils.py:558: SettingWithCopyWarning: 
A value is trying to be set on a copy of a slice from a DataFrame.
Try using .loc[row_indexer,col_indexer] = value instead

See the caveats in the documentation: https://pandas.pydata.org/pandas-docs/stable/user_guide/indexing.html#returning-a-view-versus-a-copy
  df_no_dupes_smiles['InChI'] = df_no_dupes_smiles['SMILES'].apply(safe_smiles_to_inchi)
/work/mech-ai/bella/MolTransformer_repo/MolTransformer/generative/generative_utils.py:558: SettingWithCopyWarning: 
A value is trying to be set on a copy of a slice from a DataFrame.
Try using .loc[row_indexer,col_indexer] = value instead

See the caveats in the documentation: https://pandas.pydata.org/pandas-docs/stable/user_guide/indexing.html#returning-a-view-versus-a-copy
  df_no_dupes_smiles['InChI'] = df_no_dupes_smiles['SMILES'].apply(safe_smiles_to_inchi)
/work/mech-ai/bella/MolTransformer_repo/MolTransformer/generative/generative_utils.py:558: SettingWithCopyWarning: 
A value is trying to be set on a copy of a slice from a DataFrame.
Try using .loc[row_indexer,col_indexer] = value instead

See the caveats in the documentation: https://pandas.pydata.org/pandas-docs/stable/user_guide/indexing.html#returning-a-view-versus-a-copy
  df_no_dupes_smiles['InChI'] = df_no_dupes_smiles['SMILES'].apply(safe_smiles_to_inchi)
/work/mech-ai/bella/MolTransformer_repo/MolTransformer/generative/generative_utils.py:558: SettingWithCopyWarning: 
A value is trying to be set on a copy of a slice from a DataFrame.
Try using .loc[row_indexer,col_indexer] = value instead

See the caveats in the documentation: https://pandas.pydata.org/pandas-docs/stable/user_guide/indexing.html#returning-a-view-versus-a-copy
  df_no_dupes_smiles['InChI'] = df_no_dupes_smiles['SMILES'].apply(safe_smiles_to_inchi)
/work/mech-ai/bella/MolTransformer_repo/MolTransformer/generative/generative_utils.py:558: SettingWithCopyWarning: 
A value is trying to be set on a copy of a slice from a DataFrame.
Try using .loc[row_indexer,col_indexer] = value instead

See the caveats in the documentation: https://pandas.pydata.org/pandas-docs/stable/user_guide/indexing.html#returning-a-view-versus-a-copy
  df_no_dupes_smiles['InChI'] = df_no_dupes_smiles['SMILES'].apply(safe_smiles_to_inchi)
/work/mech-ai/bella/MolTransformer_repo/MolTransformer/generative/generative_utils.py:558: SettingWithCopyWarning: 
A value is trying to be set on a copy of a slice from a DataFrame.
Try using .loc[row_indexer,col_indexer] = value instead

See the caveats in the documentation: https://pandas.pydata.org/pandas-docs/stable/user_guide/indexing.html#returning-a-view-versus-a-copy
  df_no_dupes_smiles['InChI'] = df_no_dupes_smiles['SMILES'].apply(safe_smiles_to_inchi)
/work/mech-ai/bella/MolTransformer_repo/MolTransformer/generative/generative_utils.py:558: SettingWithCopyWarning: 
A value is trying to be set on a copy of a slice from a DataFrame.
Try using .loc[row_indexer,col_indexer] = value instead

See the caveats in the documentation: https://pandas.pydata.org/pandas-docs/stable/user_guide/indexing.html#returning-a-view-versus-a-copy
  df_no_dupes_smiles['InChI'] = df_no_dupes_smiles['SMILES'].apply(safe_smiles_to_inchi)
/work/mech-ai/bella/MolTransformer_repo/MolTransformer/generative/generative_utils.py:558: SettingWithCopyWarning: 
A value is trying to be set on a copy of a slice from a DataFrame.
Try using .loc[row_indexer,col_indexer] = value instead

See the caveats in the documentation: https://pandas.pydata.org/pandas-docs/stable/user_guide/indexing.html#returning-a-view-versus-a-copy
  df_no_dupes_smiles['InChI'] = df_no_dupes_smiles['SMILES'].apply(safe_smiles_to_inchi)
/work/mech-ai/bella/MolTransformer_repo/MolTransformer/generative/generative_utils.py:558: SettingWithCopyWarning: 
A value is trying to be set on a copy of a slice from a DataFrame.
Try using .loc[row_indexer,col_indexer] = value instead

See the caveats in the documentation: https://pandas.pydata.org/pandas-docs/stable/user_guide/indexing.html#returning-a-view-versus-a-copy
  df_no_dupes_smiles['InChI'] = df_no_dupes_smiles['SMILES'].apply(safe_smiles_to_inchi)
/work/mech-ai/bella/MolTransformer_repo/MolTransformer/generative/generative_utils.py:558: SettingWithCopyWarning: 
A value is trying to be set on a copy of a slice from a DataFrame.
Try using .loc[row_indexer,col_indexer] = value instead

See the caveats in the documentation: https://pandas.pydata.org/pandas-docs/stable/user_guide/indexing.html#returning-a-view-versus-a-copy
  df_no_dupes_smiles['InChI'] = df_no_dupes_smiles['SMILES'].apply(safe_smiles_to_inchi)
/work/mech-ai/bella/MolTransformer_repo/MolTransformer/generative/generative_utils.py:558: SettingWithCopyWarning: 
A value is trying to be set on a copy of a slice from a DataFrame.
Try using .loc[row_indexer,col_indexer] = value instead

See the caveats in the documentation: https://pandas.pydata.org/pandas-docs/stable/user_guide/indexing.html#returning-a-view-versus-a-copy
  df_no_dupes_smiles['InChI'] = df_no_dupes_smiles['SMILES'].apply(safe_smiles_to_inchi)
/work/mech-ai/bella/MolTransformer_repo/MolTransformer/generative/generative_utils.py:558: SettingWithCopyWarning: 
A value is trying to be set on a copy of a slice from a DataFrame.
Try using .loc[row_indexer,col_indexer] = value instead

See the caveats in the documentation: https://pandas.pydata.org/pandas-docs/stable/user_guide/indexing.html#returning-a-view-versus-a-copy
  df_no_dupes_smiles['InChI'] = df_no_dupes_smiles['SMILES'].apply(safe_smiles_to_inchi)
/work/mech-ai/bella/MolTransformer_repo/MolTransformer/generative/generative_utils.py:558: SettingWithCopyWarning: 
A value is trying to be set on a copy of a slice from a DataFrame.
Try using .loc[row_indexer,col_indexer] = value instead

See the caveats in the documentation: https://pandas.pydata.org/pandas-docs/stable/user_guide/indexing.html#returning-a-view-versus-a-copy
  df_no_dupes_smiles['InChI'] = df_no_dupes_smiles['SMILES'].apply(safe_smiles_to_inchi)
/work/mech-ai/bella/MolTransformer_repo/MolTransformer/generative/generative_utils.py:558: SettingWithCopyWarning: 
A value is trying to be set on a copy of a slice from a DataFrame.
Try using .loc[row_indexer,col_indexer] = value instead

See the caveats in the documentation: https://pandas.pydata.org/pandas-docs/stable/user_guide/indexing.html#returning-a-view-versus-a-copy
  df_no_dupes_smiles['InChI'] = df_no_dupes_smiles['SMILES'].apply(safe_smiles_to_inchi)
/work/mech-ai/bella/MolTransformer_repo/MolTransformer/generative/generative_utils.py:558: SettingWithCopyWarning: 
A value is trying to be set on a copy of a slice from a DataFrame.
Try using .loc[row_indexer,col_indexer] = value instead

See the caveats in the documentation: https://pandas.pydata.org/pandas-docs/stable/user_guide/indexing.html#returning-a-view-versus-a-copy
  df_no_dupes_smiles['InChI'] = df_no_dupes_smiles['SMILES'].apply(safe_smiles_to_inchi)
/work/mech-ai/bella/MolTransformer_repo/MolTransformer/generative/generative_utils.py:558: SettingWithCopyWarning: 
A value is trying to be set on a copy of a slice from a DataFrame.
Try using .loc[row_indexer,col_indexer] = value instead

See the caveats in the documentation: https://pandas.pydata.org/pandas-docs/stable/user_guide/indexing.html#returning-a-view-versus-a-copy
  df_no_dupes_smiles['InChI'] = df_no_dupes_smiles['SMILES'].apply(safe_smiles_to_inchi)
/work/mech-ai/bella/MolTransformer_repo/MolTransformer/generative/generative_utils.py:558: SettingWithCopyWarning: 
A value is trying to be set on a copy of a slice from a DataFrame.
Try using .loc[row_indexer,col_indexer] = value instead

See the caveats in the documentation: https://pandas.pydata.org/pandas-docs/stable/user_guide/indexing.html#returning-a-view-versus-a-copy
  df_no_dupes_smiles['InChI'] = df_no_dupes_smiles['SMILES'].apply(safe_smiles_to_inchi)
/work/mech-ai/bella/MolTransformer_repo/MolTransformer/generative/generative_utils.py:558: SettingWithCopyWarning: 
A value is trying to be set on a copy of a slice from a DataFrame.
Try using .loc[row_indexer,col_indexer] = value instead

See the caveats in the documentation: https://pandas.pydata.org/pandas-docs/stable/user_guide/indexing.html#returning-a-view-versus-a-copy
  df_no_dupes_smiles['InChI'] = df_no_dupes_smiles['SMILES'].apply(safe_smiles_to_inchi)
/work/mech-ai/bella/MolTransformer_repo/MolTransformer/generative/generative_utils.py:558: SettingWithCopyWarning: 
A value is trying to be set on a copy of a slice from a DataFrame.
Try using .loc[row_indexer,col_indexer] = value instead

See the caveats in the documentation: https://pandas.pydata.org/pandas-docs/stable/user_guide/indexing.html#returning-a-view-versus-a-copy
  df_no_dupes_smiles['InChI'] = df_no_dupes_smiles['SMILES'].apply(safe_smiles_to_inchi)
/work/mech-ai/bella/MolTransformer_repo/MolTransformer/generative/generative_utils.py:558: SettingWithCopyWarning: 
A value is trying to be set on a copy of a slice from a DataFrame.
Try using .loc[row_indexer,col_indexer] = value instead

See the caveats in the documentation: https://pandas.pydata.org/pandas-docs/stable/user_guide/indexing.html#returning-a-view-versus-a-copy
  df_no_dupes_smiles['InChI'] = df_no_dupes_smiles['SMILES'].apply(safe_smiles_to_inchi)
/work/mech-ai/bella/MolTransformer_repo/MolTransformer/generative/generative_utils.py:558: SettingWithCopyWarning: 
A value is trying to be set on a copy of a slice from a DataFrame.
Try using .loc[row_indexer,col_indexer] = value instead

See the caveats in the documentation: https://pandas.pydata.org/pandas-docs/stable/user_guide/indexing.html#returning-a-view-versus-a-copy
  df_no_dupes_smiles['InChI'] = df_no_dupes_smiles['SMILES'].apply(safe_smiles_to_inchi)
/work/mech-ai/bella/MolTransformer_repo/MolTransformer/generative/generative_utils.py:558: SettingWithCopyWarning: 
A value is trying to be set on a copy of a slice from a DataFrame.
Try using .loc[row_indexer,col_indexer] = value instead

See the caveats in the documentation: https://pandas.pydata.org/pandas-docs/stable/user_guide/indexing.html#returning-a-view-versus-a-copy
  df_no_dupes_smiles['InChI'] = df_no_dupes_smiles['SMILES'].apply(safe_smiles_to_inchi)
expect a configuration file at : /work/mech-ai/bella/MolTransformer_repo/MolTransformer/train_config.json
Log file will be located at:  /work/mech-ai/bella/MolTransformer_repo/MolTransformer/log_file.log
expect a configuration file at : /work/mech-ai/bella/MolTransformer_repo/MolTransformer/train_config.json
expect a configuration file at : /work/mech-ai/bella/MolTransformer_repo/MolTransformer/train_config.json
expect a configuration file at : /work/mech-ai/bella/MolTransformer_repo/MolTransformer/config.json
self.mode SS
done intialized
loading SS model
load the cpu model!! 
selfies  ['[H][C][Branch1][C][H][Branch1][C][H][H]']
selfies  ['[H][C][=C][Branch1][C][H][C][Branch1][C][H][=C][Branch2][Ring1][=Branch1][C][=C][Branch1][C][H][C][Branch1][C][H][=C][Branch1][C][H][C][Branch1][C][H][=C][Ring1][#Branch2][H][C][Branch1][C][H][=C][Ring2][Ring1][Ring2][H]']
shape of interpolated_memories_array:  (200, 1, 401, 30)
Saved visualization to /work/mech-ai/bella/ChemTransformer/report/GenerativeMethods/molecular_evolution_histogram//0/molecular_evolution/MolecularLinearEvolution1.png
done 1 pair
self.mode SS
done intialized
loading SS model
load the cpu model!! 
selfies  ['[H][C][Branch1][C][H][Branch1][C][H][H]']
selfies  ['[H][C][=C][Branch1][C][H][C][Branch1][C][H][=C][C][Branch1][C][H][=C][C][Branch1][C][H][=C][C][Branch1][C][H][=C][C][Branch1][C][H][=C][Branch1][C][H][C][Branch1][C][H][=C][Branch1][C][H][C][Ring1][#Branch2][=C][Branch1][C][H][C][Ring1][S][=C][Branch1][C][H][C][Ring2][Ring1][=Branch1][=C][Branch1][C][H][C][Ring2][Ring1][N][=C][Ring2][Ring2][C][H]']
shape of interpolated_memories_array:  (200, 1, 401, 30)
Saved visualization to /work/mech-ai/bella/ChemTransformer/report/GenerativeMethods/molecular_evolution_histogram//1/molecular_evolution/MolecularLinearEvolution1.png
done 1 pair
self.mode SS
done intialized
loading SS model
load the cpu model!! 
selfies  ['[H][C][Branch1][C][H][Branch1][C][H][H]']
selfies  ['[H][C][=C][Branch1][C][H][C][Branch1][C][H][=C][C][=Branch1][Branch1][=C][Ring1][Branch2][H][S][C][=C][Ring1][#Branch1][S][C][=C][Branch1][C][H][C][Branch1][C][H][=C][Branch1][C][H][C][Branch1][C][H][=C][Ring1][#Branch2][Ring1][=N]']
shape of interpolated_memories_array:  (200, 1, 401, 30)
Saved visualization to /work/mech-ai/bella/ChemTransformer/report/GenerativeMethods/molecular_evolution_histogram//2/molecular_evolution/MolecularLinearEvolution1.png
done 1 pair
self.mode SS
done intialized
loading SS model
load the cpu model!! 
selfies  ['[H][C][Branch1][C][H][Branch1][C][H][H]']
selfies  ['[H][C][=C][Branch1][C][H][C][Branch1][C][H][=C][C][Branch1][C][H][=C][C][Branch2][Branch1][Ring2][C][#C][Si][C][Branch1][C][H][Branch1][=Branch2][C][Branch1][C][H][Branch1][C][H][H][C][Branch1][C][H][Branch1][C][H][C][Ring1][O][Branch1][C][H][C][Branch1][C][H][Branch1][C][H][C][Ring1][S][Branch1][C][H][C][Branch1][C][H][Branch1][C][H][H][=C][C][Branch1][C][H][=C][C][Branch1][C][H][=C][Branch1][C][H][C][Branch1][C][H][=C][Branch1][C][H][C][Ring1][#Branch2][=C][Branch1][C][H][C][Ring1][S][=C][Branch2][Branch1][Ring2][C][#C][Si][C][Branch1][C][H][Branch1][=Branch2][C][Branch1][C][H][Branch1][C][H][H][C][Branch1][C][H][Branch1][C][H][C][Ring1][O][Branch1][C][H][C][Branch1][C][H][Branch1][C][H][C][Ring1][S][Branch1][C][H][C][Branch1][C][H][Branch1][C][H][H][C][Ring2][=Branch1][C][=C][Branch1][C][H][C][Ring2][=Branch1][Branch2][=C][Ring2][=Branch1][=C][H]']
shape of interpolated_memories_array:  (200, 1, 401, 30)
Saved visualization to /work/mech-ai/bella/ChemTransformer/report/GenerativeMethods/molecular_evolution_histogram//3/molecular_evolution/MolecularLinearEvolution1.png
done 1 pair
self.mode SS
done intialized
loading SS model
load the cpu model!! 
selfies  ['[H][C][Branch1][C][H][Branch1][C][H][H]']
selfies  ['[H][O][C][=C][Branch1][C][H][C][Branch1][C][H][=C][Branch2][=Branch1][Ring2][C][=C][Branch1][C][H][C][Branch1][Ring1][O][H][=C][Branch1][Ring1][O][H][C][Branch1][C][H][=C][Ring1][N][C][=C][Branch1][C][H][C][Branch1][Ring1][O][H][=C][Branch1][Ring1][O][H][C][Branch1][C][H][=C][Ring1][N][C][=C][Branch1][C][H][C][Branch1][C][H][=C][Branch1][Ring1][O][H][C][Branch1][Ring1][O][H][=C][Ring1][N][H][C][Branch1][C][H][=C][Ring2][Ring2][=C][O][H]']
shape of interpolated_memories_array:  (200, 1, 401, 30)
Saved visualization to /work/mech-ai/bella/ChemTransformer/report/GenerativeMethods/molecular_evolution_histogram//4/molecular_evolution/MolecularLinearEvolution1.png
done 1 pair
self.mode SS
done intialized
loading SS model
load the cpu model!! 
selfies  ['[H][C][=C][Branch1][C][H][C][Branch1][C][H][=C][Branch1][C][H][C][Branch1][C][H][=C][Ring1][#Branch2][H]']
selfies  ['[H][C][=C][Branch1][C][H][C][Branch1][C][H][=C][Branch2][Ring1][=Branch1][C][=C][Branch1][C][H][C][Branch1][C][H][=C][Branch1][C][H][C][Branch1][C][H][=C][Ring1][#Branch2][H][C][Branch1][C][H][=C][Ring2][Ring1][Ring2][H]']
shape of interpolated_memories_array:  (200, 1, 401, 30)
Saved visualization to /work/mech-ai/bella/ChemTransformer/report/GenerativeMethods/molecular_evolution_histogram//5/molecular_evolution/MolecularLinearEvolution1.png
done 1 pair
self.mode SS
done intialized
loading SS model
load the cpu model!! 
selfies  ['[H][C][=C][Branch1][C][H][C][Branch1][C][H][=C][Branch1][C][H][C][Branch1][C][H][=C][Ring1][#Branch2][H]']
selfies  ['[H][C][=C][Branch1][C][H][C][Branch1][C][H][=C][C][Branch1][C][H][=C][C][Branch1][C][H][=C][C][Branch1][C][H][=C][C][Branch1][C][H][=C][Branch1][C][H][C][Branch1][C][H][=C][Branch1][C][H][C][Ring1][#Branch2][=C][Branch1][C][H][C][Ring1][S][=C][Branch1][C][H][C][Ring2][Ring1][=Branch1][=C][Branch1][C][H][C][Ring2][Ring1][N][=C][Ring2][Ring2][C][H]']
shape of interpolated_memories_array:  (200, 1, 401, 30)
Saved visualization to /work/mech-ai/bella/ChemTransformer/report/GenerativeMethods/molecular_evolution_histogram//6/molecular_evolution/MolecularLinearEvolution1.png
done 1 pair
self.mode SS
done intialized
loading SS model
load the cpu model!! 
selfies  ['[H][C][=C][Branch1][C][H][C][Branch1][C][H][=C][Branch1][C][H][C][Branch1][C][H][=C][Ring1][#Branch2][H]']
selfies  ['[H][C][=C][Branch1][C][H][C][Branch1][C][H][=C][C][=Branch1][Branch1][=C][Ring1][Branch2][H][S][C][=C][Ring1][#Branch1][S][C][=C][Branch1][C][H][C][Branch1][C][H][=C][Branch1][C][H][C][Branch1][C][H][=C][Ring1][#Branch2][Ring1][=N]']
shape of interpolated_memories_array:  (200, 1, 401, 30)
IOError
Saved visualization to /work/mech-ai/bella/ChemTransformer/report/GenerativeMethods/molecular_evolution_histogram//7/molecular_evolution/MolecularLinearEvolution1.png
done 1 pair
self.mode SS
done intialized
loading SS model
load the cpu model!! 
selfies  ['[H][C][=C][Branch1][C][H][C][Branch1][C][H][=C][Branch1][C][H][C][Branch1][C][H][=C][Ring1][#Branch2][H]']
selfies  ['[H][C][=C][Branch1][C][H][C][Branch1][C][H][=C][C][Branch1][C][H][=C][C][Branch2][Branch1][Ring2][C][#C][Si][C][Branch1][C][H][Branch1][=Branch2][C][Branch1][C][H][Branch1][C][H][H][C][Branch1][C][H][Branch1][C][H][C][Ring1][O][Branch1][C][H][C][Branch1][C][H][Branch1][C][H][C][Ring1][S][Branch1][C][H][C][Branch1][C][H][Branch1][C][H][H][=C][C][Branch1][C][H][=C][C][Branch1][C][H][=C][Branch1][C][H][C][Branch1][C][H][=C][Branch1][C][H][C][Ring1][#Branch2][=C][Branch1][C][H][C][Ring1][S][=C][Branch2][Branch1][Ring2][C][#C][Si][C][Branch1][C][H][Branch1][=Branch2][C][Branch1][C][H][Branch1][C][H][H][C][Branch1][C][H][Branch1][C][H][C][Ring1][O][Branch1][C][H][C][Branch1][C][H][Branch1][C][H][C][Ring1][S][Branch1][C][H][C][Branch1][C][H][Branch1][C][H][H][C][Ring2][=Branch1][C][=C][Branch1][C][H][C][Ring2][=Branch1][Branch2][=C][Ring2][=Branch1][=C][H]']
shape of interpolated_memories_array:  (200, 1, 401, 30)
Saved visualization to /work/mech-ai/bella/ChemTransformer/report/GenerativeMethods/molecular_evolution_histogram//8/molecular_evolution/MolecularLinearEvolution1.png
done 1 pair
self.mode SS
done intialized
loading SS model
load the cpu model!! 
selfies  ['[H][C][=C][Branch1][C][H][C][Branch1][C][H][=C][Branch1][C][H][C][Branch1][C][H][=C][Ring1][#Branch2][H]']
selfies  ['[H][O][C][=C][Branch1][C][H][C][Branch1][C][H][=C][Branch2][=Branch1][Ring2][C][=C][Branch1][C][H][C][Branch1][Ring1][O][H][=C][Branch1][Ring1][O][H][C][Branch1][C][H][=C][Ring1][N][C][=C][Branch1][C][H][C][Branch1][Ring1][O][H][=C][Branch1][Ring1][O][H][C][Branch1][C][H][=C][Ring1][N][C][=C][Branch1][C][H][C][Branch1][C][H][=C][Branch1][Ring1][O][H][C][Branch1][Ring1][O][H][=C][Ring1][N][H][C][Branch1][C][H][=C][Ring2][Ring2][=C][O][H]']
shape of interpolated_memories_array:  (200, 1, 401, 30)
Saved visualization to /work/mech-ai/bella/ChemTransformer/report/GenerativeMethods/molecular_evolution_histogram//9/molecular_evolution/MolecularLinearEvolution1.png
done 1 pair
self.mode SS
done intialized
loading SS model
load the cpu model!! 
selfies  ['[H][O][C][Branch1][C][H][Branch1][C][H][C][Branch1][C][H][Branch1][C][H][O][C][Branch1][C][H][Branch1][C][H][N][C][Branch1][C][H][=N][C][=C][Ring1][=Branch1][N][Branch1][C][H][C][Branch1][C][H][Branch1][=Branch1][N][Branch1][C][H][H][N][Branch1][C][H][C][Ring1][N][=O]']
selfies  ['[H][C][=C][Branch1][C][H][C][Branch1][C][H][=C][Branch2][Ring1][=Branch1][C][=C][Branch1][C][H][C][Branch1][C][H][=C][Branch1][C][H][C][Branch1][C][H][=C][Ring1][#Branch2][H][C][Branch1][C][H][=C][Ring2][Ring1][Ring2][H]']
shape of interpolated_memories_array:  (200, 1, 401, 30)
Saved visualization to /work/mech-ai/bella/ChemTransformer/report/GenerativeMethods/molecular_evolution_histogram//10/molecular_evolution/MolecularLinearEvolution1.png
done 1 pair
self.mode SS
done intialized
loading SS model
load the cpu model!! 
selfies  ['[H][O][C][Branch1][C][H][Branch1][C][H][C][Branch1][C][H][Branch1][C][H][O][C][Branch1][C][H][Branch1][C][H][N][C][Branch1][C][H][=N][C][=C][Ring1][=Branch1][N][Branch1][C][H][C][Branch1][C][H][Branch1][=Branch1][N][Branch1][C][H][H][N][Branch1][C][H][C][Ring1][N][=O]']
selfies  ['[H][C][=C][Branch1][C][H][C][Branch1][C][H][=C][C][Branch1][C][H][=C][C][Branch1][C][H][=C][C][Branch1][C][H][=C][C][Branch1][C][H][=C][Branch1][C][H][C][Branch1][C][H][=C][Branch1][C][H][C][Ring1][#Branch2][=C][Branch1][C][H][C][Ring1][S][=C][Branch1][C][H][C][Ring2][Ring1][=Branch1][=C][Branch1][C][H][C][Ring2][Ring1][N][=C][Ring2][Ring2][C][H]']
shape of interpolated_memories_array:  (200, 1, 401, 30)
Saved visualization to /work/mech-ai/bella/ChemTransformer/report/GenerativeMethods/molecular_evolution_histogram//11/molecular_evolution/MolecularLinearEvolution1.png
done 1 pair
self.mode SS
done intialized
loading SS model
load the cpu model!! 
selfies  ['[H][O][C][Branch1][C][H][Branch1][C][H][C][Branch1][C][H][Branch1][C][H][O][C][Branch1][C][H][Branch1][C][H][N][C][Branch1][C][H][=N][C][=C][Ring1][=Branch1][N][Branch1][C][H][C][Branch1][C][H][Branch1][=Branch1][N][Branch1][C][H][H][N][Branch1][C][H][C][Ring1][N][=O]']
selfies  ['[H][C][=C][Branch1][C][H][C][Branch1][C][H][=C][C][=Branch1][Branch1][=C][Ring1][Branch2][H][S][C][=C][Ring1][#Branch1][S][C][=C][Branch1][C][H][C][Branch1][C][H][=C][Branch1][C][H][C][Branch1][C][H][=C][Ring1][#Branch2][Ring1][=N]']
shape of interpolated_memories_array:  (200, 1, 401, 30)
Saved visualization to /work/mech-ai/bella/ChemTransformer/report/GenerativeMethods/molecular_evolution_histogram//12/molecular_evolution/MolecularLinearEvolution1.png
done 1 pair
self.mode SS
done intialized
loading SS model
load the cpu model!! 
selfies  ['[H][O][C][Branch1][C][H][Branch1][C][H][C][Branch1][C][H][Branch1][C][H][O][C][Branch1][C][H][Branch1][C][H][N][C][Branch1][C][H][=N][C][=C][Ring1][=Branch1][N][Branch1][C][H][C][Branch1][C][H][Branch1][=Branch1][N][Branch1][C][H][H][N][Branch1][C][H][C][Ring1][N][=O]']
selfies  ['[H][C][=C][Branch1][C][H][C][Branch1][C][H][=C][C][Branch1][C][H][=C][C][Branch2][Branch1][Ring2][C][#C][Si][C][Branch1][C][H][Branch1][=Branch2][C][Branch1][C][H][Branch1][C][H][H][C][Branch1][C][H][Branch1][C][H][C][Ring1][O][Branch1][C][H][C][Branch1][C][H][Branch1][C][H][C][Ring1][S][Branch1][C][H][C][Branch1][C][H][Branch1][C][H][H][=C][C][Branch1][C][H][=C][C][Branch1][C][H][=C][Branch1][C][H][C][Branch1][C][H][=C][Branch1][C][H][C][Ring1][#Branch2][=C][Branch1][C][H][C][Ring1][S][=C][Branch2][Branch1][Ring2][C][#C][Si][C][Branch1][C][H][Branch1][=Branch2][C][Branch1][C][H][Branch1][C][H][H][C][Branch1][C][H][Branch1][C][H][C][Ring1][O][Branch1][C][H][C][Branch1][C][H][Branch1][C][H][C][Ring1][S][Branch1][C][H][C][Branch1][C][H][Branch1][C][H][H][C][Ring2][=Branch1][C][=C][Branch1][C][H][C][Ring2][=Branch1][Branch2][=C][Ring2][=Branch1][=C][H]']
shape of interpolated_memories_array:  (200, 1, 401, 30)
Saved visualization to /work/mech-ai/bella/ChemTransformer/report/GenerativeMethods/molecular_evolution_histogram//13/molecular_evolution/MolecularLinearEvolution1.png
done 1 pair
self.mode SS
done intialized
loading SS model
load the cpu model!! 
selfies  ['[H][O][C][Branch1][C][H][Branch1][C][H][C][Branch1][C][H][Branch1][C][H][O][C][Branch1][C][H][Branch1][C][H][N][C][Branch1][C][H][=N][C][=C][Ring1][=Branch1][N][Branch1][C][H][C][Branch1][C][H][Branch1][=Branch1][N][Branch1][C][H][H][N][Branch1][C][H][C][Ring1][N][=O]']
selfies  ['[H][O][C][=C][Branch1][C][H][C][Branch1][C][H][=C][Branch2][=Branch1][Ring2][C][=C][Branch1][C][H][C][Branch1][Ring1][O][H][=C][Branch1][Ring1][O][H][C][Branch1][C][H][=C][Ring1][N][C][=C][Branch1][C][H][C][Branch1][Ring1][O][H][=C][Branch1][Ring1][O][H][C][Branch1][C][H][=C][Ring1][N][C][=C][Branch1][C][H][C][Branch1][C][H][=C][Branch1][Ring1][O][H][C][Branch1][Ring1][O][H][=C][Ring1][N][H][C][Branch1][C][H][=C][Ring2][Ring2][=C][O][H]']
shape of interpolated_memories_array:  (200, 1, 401, 30)
Saved visualization to /work/mech-ai/bella/ChemTransformer/report/GenerativeMethods/molecular_evolution_histogram//14/molecular_evolution/MolecularLinearEvolution1.png
done 1 pair
self.mode SS
done intialized
loading SS model
load the cpu model!! 
selfies  ['[H][C][=C][Branch1][C][H][C][Branch1][C][H][=C][Branch2][Branch1][Ring2][N][C][=Branch1][C][=O][C][Branch2][Ring1][Ring2][N][Branch1][=Branch2][C][Branch1][C][H][Branch1][C][H][H][C][Branch1][C][H][Branch1][C][H][H][=C][Branch1][=Branch2][C][Branch1][C][H][Branch1][C][H][H][N][Ring2][Ring1][Ring1][C][Branch1][C][H][Branch1][C][H][H][C][Branch1][C][H][=C][Ring2][Ring1][S][H]']
selfies  ['[H][C][=C][Branch1][C][H][C][Branch1][C][H][=C][Branch2][Ring1][=Branch1][C][=C][Branch1][C][H][C][Branch1][C][H][=C][Branch1][C][H][C][Branch1][C][H][=C][Ring1][#Branch2][H][C][Branch1][C][H][=C][Ring2][Ring1][Ring2][H]']
shape of interpolated_memories_array:  (200, 1, 401, 30)
Saved visualization to /work/mech-ai/bella/ChemTransformer/report/GenerativeMethods/molecular_evolution_histogram//15/molecular_evolution/MolecularLinearEvolution1.png
done 1 pair
self.mode SS
done intialized
loading SS model
load the cpu model!! 
selfies  ['[H][C][=C][Branch1][C][H][C][Branch1][C][H][=C][Branch2][Branch1][Ring2][N][C][=Branch1][C][=O][C][Branch2][Ring1][Ring2][N][Branch1][=Branch2][C][Branch1][C][H][Branch1][C][H][H][C][Branch1][C][H][Branch1][C][H][H][=C][Branch1][=Branch2][C][Branch1][C][H][Branch1][C][H][H][N][Ring2][Ring1][Ring1][C][Branch1][C][H][Branch1][C][H][H][C][Branch1][C][H][=C][Ring2][Ring1][S][H]']
selfies  ['[H][C][=C][Branch1][C][H][C][Branch1][C][H][=C][C][Branch1][C][H][=C][C][Branch1][C][H][=C][C][Branch1][C][H][=C][C][Branch1][C][H][=C][Branch1][C][H][C][Branch1][C][H][=C][Branch1][C][H][C][Ring1][#Branch2][=C][Branch1][C][H][C][Ring1][S][=C][Branch1][C][H][C][Ring2][Ring1][=Branch1][=C][Branch1][C][H][C][Ring2][Ring1][N][=C][Ring2][Ring2][C][H]']
shape of interpolated_memories_array:  (200, 1, 401, 30)
Saved visualization to /work/mech-ai/bella/ChemTransformer/report/GenerativeMethods/molecular_evolution_histogram//16/molecular_evolution/MolecularLinearEvolution1.png
done 1 pair
self.mode SS
done intialized
loading SS model
load the cpu model!! 
selfies  ['[H][C][=C][Branch1][C][H][C][Branch1][C][H][=C][Branch2][Branch1][Ring2][N][C][=Branch1][C][=O][C][Branch2][Ring1][Ring2][N][Branch1][=Branch2][C][Branch1][C][H][Branch1][C][H][H][C][Branch1][C][H][Branch1][C][H][H][=C][Branch1][=Branch2][C][Branch1][C][H][Branch1][C][H][H][N][Ring2][Ring1][Ring1][C][Branch1][C][H][Branch1][C][H][H][C][Branch1][C][H][=C][Ring2][Ring1][S][H]']
selfies  ['[H][C][=C][Branch1][C][H][C][Branch1][C][H][=C][C][=Branch1][Branch1][=C][Ring1][Branch2][H][S][C][=C][Ring1][#Branch1][S][C][=C][Branch1][C][H][C][Branch1][C][H][=C][Branch1][C][H][C][Branch1][C][H][=C][Ring1][#Branch2][Ring1][=N]']
shape of interpolated_memories_array:  (200, 1, 401, 30)
Saved visualization to /work/mech-ai/bella/ChemTransformer/report/GenerativeMethods/molecular_evolution_histogram//17/molecular_evolution/MolecularLinearEvolution1.png
done 1 pair
self.mode SS
done intialized
loading SS model
load the cpu model!! 
selfies  ['[H][C][=C][Branch1][C][H][C][Branch1][C][H][=C][Branch2][Branch1][Ring2][N][C][=Branch1][C][=O][C][Branch2][Ring1][Ring2][N][Branch1][=Branch2][C][Branch1][C][H][Branch1][C][H][H][C][Branch1][C][H][Branch1][C][H][H][=C][Branch1][=Branch2][C][Branch1][C][H][Branch1][C][H][H][N][Ring2][Ring1][Ring1][C][Branch1][C][H][Branch1][C][H][H][C][Branch1][C][H][=C][Ring2][Ring1][S][H]']
selfies  ['[H][C][=C][Branch1][C][H][C][Branch1][C][H][=C][C][Branch1][C][H][=C][C][Branch2][Branch1][Ring2][C][#C][Si][C][Branch1][C][H][Branch1][=Branch2][C][Branch1][C][H][Branch1][C][H][H][C][Branch1][C][H][Branch1][C][H][C][Ring1][O][Branch1][C][H][C][Branch1][C][H][Branch1][C][H][C][Ring1][S][Branch1][C][H][C][Branch1][C][H][Branch1][C][H][H][=C][C][Branch1][C][H][=C][C][Branch1][C][H][=C][Branch1][C][H][C][Branch1][C][H][=C][Branch1][C][H][C][Ring1][#Branch2][=C][Branch1][C][H][C][Ring1][S][=C][Branch2][Branch1][Ring2][C][#C][Si][C][Branch1][C][H][Branch1][=Branch2][C][Branch1][C][H][Branch1][C][H][H][C][Branch1][C][H][Branch1][C][H][C][Ring1][O][Branch1][C][H][C][Branch1][C][H][Branch1][C][H][C][Ring1][S][Branch1][C][H][C][Branch1][C][H][Branch1][C][H][H][C][Ring2][=Branch1][C][=C][Branch1][C][H][C][Ring2][=Branch1][Branch2][=C][Ring2][=Branch1][=C][H]']
shape of interpolated_memories_array:  (200, 1, 401, 30)
IOError
IOError
Saved visualization to /work/mech-ai/bella/ChemTransformer/report/GenerativeMethods/molecular_evolution_histogram//18/molecular_evolution/MolecularLinearEvolution1.png
done 1 pair
self.mode SS
done intialized
loading SS model
load the cpu model!! 
selfies  ['[H][C][=C][Branch1][C][H][C][Branch1][C][H][=C][Branch2][Branch1][Ring2][N][C][=Branch1][C][=O][C][Branch2][Ring1][Ring2][N][Branch1][=Branch2][C][Branch1][C][H][Branch1][C][H][H][C][Branch1][C][H][Branch1][C][H][H][=C][Branch1][=Branch2][C][Branch1][C][H][Branch1][C][H][H][N][Ring2][Ring1][Ring1][C][Branch1][C][H][Branch1][C][H][H][C][Branch1][C][H][=C][Ring2][Ring1][S][H]']
selfies  ['[H][O][C][=C][Branch1][C][H][C][Branch1][C][H][=C][Branch2][=Branch1][Ring2][C][=C][Branch1][C][H][C][Branch1][Ring1][O][H][=C][Branch1][Ring1][O][H][C][Branch1][C][H][=C][Ring1][N][C][=C][Branch1][C][H][C][Branch1][Ring1][O][H][=C][Branch1][Ring1][O][H][C][Branch1][C][H][=C][Ring1][N][C][=C][Branch1][C][H][C][Branch1][C][H][=C][Branch1][Ring1][O][H][C][Branch1][Ring1][O][H][=C][Ring1][N][H][C][Branch1][C][H][=C][Ring2][Ring2][=C][O][H]']
shape of interpolated_memories_array:  (200, 1, 401, 30)
Saved visualization to /work/mech-ai/bella/ChemTransformer/report/GenerativeMethods/molecular_evolution_histogram//19/molecular_evolution/MolecularLinearEvolution1.png
done 1 pair
self.mode SS
done intialized
loading SS model
load the cpu model!! 
selfies  ['[H][C][=C][Branch1][C][H][C][Branch1][C][H][=C][Branch2][Branch1][#C][C][Branch1][C][H][C][Branch1][C][H][Branch2][Ring1][Ring2][N][Branch1][C][H][C][Branch1][C][H][Branch1][C][H][C][Branch1][C][H][Branch1][C][H][H][C][Branch1][C][H][C][Branch1][C][H][Branch1][C][H][C][Branch1][C][H][Branch1][C][H][C][Ring2][Ring1][=Branch1][Branch1][C][H][C][Ring1][O][Branch1][C][H][H][C][Branch1][C][H][=C][Ring2][Ring2][Ring1][H]']
selfies  ['[H][C][=C][Branch1][C][H][C][Branch1][C][H][=C][Branch2][Ring1][=Branch1][C][=C][Branch1][C][H][C][Branch1][C][H][=C][Branch1][C][H][C][Branch1][C][H][=C][Ring1][#Branch2][H][C][Branch1][C][H][=C][Ring2][Ring1][Ring2][H]']
shape of interpolated_memories_array:  (200, 1, 401, 30)
Saved visualization to /work/mech-ai/bella/ChemTransformer/report/GenerativeMethods/molecular_evolution_histogram//20/molecular_evolution/MolecularLinearEvolution1.png
done 1 pair
self.mode SS
done intialized
loading SS model
load the cpu model!! 
selfies  ['[H][C][=C][Branch1][C][H][C][Branch1][C][H][=C][Branch2][Branch1][#C][C][Branch1][C][H][C][Branch1][C][H][Branch2][Ring1][Ring2][N][Branch1][C][H][C][Branch1][C][H][Branch1][C][H][C][Branch1][C][H][Branch1][C][H][H][C][Branch1][C][H][C][Branch1][C][H][Branch1][C][H][C][Branch1][C][H][Branch1][C][H][C][Ring2][Ring1][=Branch1][Branch1][C][H][C][Ring1][O][Branch1][C][H][H][C][Branch1][C][H][=C][Ring2][Ring2][Ring1][H]']
selfies  ['[H][C][=C][Branch1][C][H][C][Branch1][C][H][=C][C][Branch1][C][H][=C][C][Branch1][C][H][=C][C][Branch1][C][H][=C][C][Branch1][C][H][=C][Branch1][C][H][C][Branch1][C][H][=C][Branch1][C][H][C][Ring1][#Branch2][=C][Branch1][C][H][C][Ring1][S][=C][Branch1][C][H][C][Ring2][Ring1][=Branch1][=C][Branch1][C][H][C][Ring2][Ring1][N][=C][Ring2][Ring2][C][H]']
shape of interpolated_memories_array:  (200, 1, 401, 30)
Saved visualization to /work/mech-ai/bella/ChemTransformer/report/GenerativeMethods/molecular_evolution_histogram//21/molecular_evolution/MolecularLinearEvolution1.png
done 1 pair
self.mode SS
done intialized
loading SS model
load the cpu model!! 
selfies  ['[H][C][=C][Branch1][C][H][C][Branch1][C][H][=C][Branch2][Branch1][#C][C][Branch1][C][H][C][Branch1][C][H][Branch2][Ring1][Ring2][N][Branch1][C][H][C][Branch1][C][H][Branch1][C][H][C][Branch1][C][H][Branch1][C][H][H][C][Branch1][C][H][C][Branch1][C][H][Branch1][C][H][C][Branch1][C][H][Branch1][C][H][C][Ring2][Ring1][=Branch1][Branch1][C][H][C][Ring1][O][Branch1][C][H][H][C][Branch1][C][H][=C][Ring2][Ring2][Ring1][H]']
selfies  ['[H][C][=C][Branch1][C][H][C][Branch1][C][H][=C][C][=Branch1][Branch1][=C][Ring1][Branch2][H][S][C][=C][Ring1][#Branch1][S][C][=C][Branch1][C][H][C][Branch1][C][H][=C][Branch1][C][H][C][Branch1][C][H][=C][Ring1][#Branch2][Ring1][=N]']
shape of interpolated_memories_array:  (200, 1, 401, 30)
Saved visualization to /work/mech-ai/bella/ChemTransformer/report/GenerativeMethods/molecular_evolution_histogram//22/molecular_evolution/MolecularLinearEvolution1.png
done 1 pair
self.mode SS
done intialized
loading SS model
load the cpu model!! 
selfies  ['[H][C][=C][Branch1][C][H][C][Branch1][C][H][=C][Branch2][Branch1][#C][C][Branch1][C][H][C][Branch1][C][H][Branch2][Ring1][Ring2][N][Branch1][C][H][C][Branch1][C][H][Branch1][C][H][C][Branch1][C][H][Branch1][C][H][H][C][Branch1][C][H][C][Branch1][C][H][Branch1][C][H][C][Branch1][C][H][Branch1][C][H][C][Ring2][Ring1][=Branch1][Branch1][C][H][C][Ring1][O][Branch1][C][H][H][C][Branch1][C][H][=C][Ring2][Ring2][Ring1][H]']
selfies  ['[H][C][=C][Branch1][C][H][C][Branch1][C][H][=C][C][Branch1][C][H][=C][C][Branch2][Branch1][Ring2][C][#C][Si][C][Branch1][C][H][Branch1][=Branch2][C][Branch1][C][H][Branch1][C][H][H][C][Branch1][C][H][Branch1][C][H][C][Ring1][O][Branch1][C][H][C][Branch1][C][H][Branch1][C][H][C][Ring1][S][Branch1][C][H][C][Branch1][C][H][Branch1][C][H][H][=C][C][Branch1][C][H][=C][C][Branch1][C][H][=C][Branch1][C][H][C][Branch1][C][H][=C][Branch1][C][H][C][Ring1][#Branch2][=C][Branch1][C][H][C][Ring1][S][=C][Branch2][Branch1][Ring2][C][#C][Si][C][Branch1][C][H][Branch1][=Branch2][C][Branch1][C][H][Branch1][C][H][H][C][Branch1][C][H][Branch1][C][H][C][Ring1][O][Branch1][C][H][C][Branch1][C][H][Branch1][C][H][C][Ring1][S][Branch1][C][H][C][Branch1][C][H][Branch1][C][H][H][C][Ring2][=Branch1][C][=C][Branch1][C][H][C][Ring2][=Branch1][Branch2][=C][Ring2][=Branch1][=C][H]']
shape of interpolated_memories_array:  (200, 1, 401, 30)
IOError
IOError
Saved visualization to /work/mech-ai/bella/ChemTransformer/report/GenerativeMethods/molecular_evolution_histogram//23/molecular_evolution/MolecularLinearEvolution1.png
done 1 pair
self.mode SS
done intialized
loading SS model
load the cpu model!! 
selfies  ['[H][C][=C][Branch1][C][H][C][Branch1][C][H][=C][Branch2][Branch1][#C][C][Branch1][C][H][C][Branch1][C][H][Branch2][Ring1][Ring2][N][Branch1][C][H][C][Branch1][C][H][Branch1][C][H][C][Branch1][C][H][Branch1][C][H][H][C][Branch1][C][H][C][Branch1][C][H][Branch1][C][H][C][Branch1][C][H][Branch1][C][H][C][Ring2][Ring1][=Branch1][Branch1][C][H][C][Ring1][O][Branch1][C][H][H][C][Branch1][C][H][=C][Ring2][Ring2][Ring1][H]']
selfies  ['[H][O][C][=C][Branch1][C][H][C][Branch1][C][H][=C][Branch2][=Branch1][Ring2][C][=C][Branch1][C][H][C][Branch1][Ring1][O][H][=C][Branch1][Ring1][O][H][C][Branch1][C][H][=C][Ring1][N][C][=C][Branch1][C][H][C][Branch1][Ring1][O][H][=C][Branch1][Ring1][O][H][C][Branch1][C][H][=C][Ring1][N][C][=C][Branch1][C][H][C][Branch1][C][H][=C][Branch1][Ring1][O][H][C][Branch1][Ring1][O][H][=C][Ring1][N][H][C][Branch1][C][H][=C][Ring2][Ring2][=C][O][H]']
shape of interpolated_memories_array:  (200, 1, 401, 30)
Saved visualization to /work/mech-ai/bella/ChemTransformer/report/GenerativeMethods/molecular_evolution_histogram//24/molecular_evolution/MolecularLinearEvolution1.png
done 1 pair
