[16:24:08] WARNING: Omitted undefined stereo
[16:24:08] WARNING: Omitted undefined stereo
[16:24:42] WARNING: Omitted undefined stereo
[16:24:42] WARNING: Omitted undefined stereo
[16:24:42] WARNING: Omitted undefined stereo
[16:25:03] WARNING: Omitted undefined stereo
[16:25:03] WARNING: Omitted undefined stereo
[16:26:05] WARNING: Omitted undefined stereo
[16:26:05] WARNING: Omitted undefined stereo
[16:26:05] WARNING: Proton(s) added/removed; Omitted undefined stereo
[16:26:05] WARNING: Omitted undefined stereo
[16:26:05] WARNING: Omitted undefined stereo
[16:26:05] WARNING: Omitted undefined stereo
[16:26:05] WARNING: Omitted undefined stereo
[16:26:05] WARNING: Omitted undefined stereo
[16:26:05] WARNING: Omitted undefined stereo
[16:26:41] WARNING: Omitted undefined stereo
[16:26:41] WARNING: Omitted undefined stereo
[16:26:41] WARNING: Omitted undefined stereo
[16:27:04] WARNING: Omitted undefined stereo
[16:27:04] WARNING: Omitted undefined stereo
[16:27:04] WARNING: Omitted undefined stereo
[16:27:59] WARNING: Omitted undefined stereo
[16:27:59] WARNING: Omitted undefined stereo
[16:28:27] WARNING: Omitted undefined stereo
[16:28:27] WARNING: Omitted undefined stereo
[16:28:27] WARNING: Omitted undefined stereo
[16:28:27] WARNING: Omitted undefined stereo
[16:29:33] WARNING: Omitted undefined stereo
[16:29:33] WARNING: Omitted undefined stereo
[16:29:33] WARNING: Omitted undefined stereo
[16:29:33] WARNING: Omitted undefined stereo
[16:29:33] WARNING: Omitted undefined stereo
[16:30:08] WARNING: Omitted undefined stereo
[16:30:08] WARNING: Omitted undefined stereo
[16:30:08] WARNING: Omitted undefined stereo
[16:30:44] WARNING: Omitted undefined stereo
[16:30:44] WARNING: Omitted undefined stereo
[16:30:44] WARNING: Omitted undefined stereo
[16:30:44] WARNING: Omitted undefined stereo
[16:30:44] WARNING: Omitted undefined stereo
[16:30:44] WARNING: Omitted undefined stereo
[16:30:44] WARNING: Omitted undefined stereo
[16:30:44] WARNING: Omitted undefined stereo
[16:30:44] WARNING: Omitted undefined stereo
[16:30:44] WARNING: Omitted undefined stereo
[16:30:44] WARNING: Omitted undefined stereo
[16:31:31] WARNING: Omitted undefined stereo
[16:31:31] WARNING: Omitted undefined stereo
[16:31:31] WARNING: Omitted undefined stereo
[16:31:31] WARNING: Omitted undefined stereo
[16:31:31] WARNING: Omitted undefined stereo
[16:31:31] WARNING: Omitted undefined stereo
[16:32:05] WARNING: Omitted undefined stereo
[16:32:05] WARNING: Omitted undefined stereo
[16:32:05] WARNING: Omitted undefined stereo
[16:32:05] WARNING: Omitted undefined stereo
[16:32:05] WARNING: Omitted undefined stereo
[16:32:05] WARNING: Omitted undefined stereo
[16:32:05] WARNING: Omitted undefined stereo
[16:32:05] WARNING: Omitted undefined stereo
[16:32:05] WARNING: Omitted undefined stereo
[16:32:05] WARNING: Omitted undefined stereo
[16:32:05] WARNING: Omitted undefined stereo
[16:32:05] WARNING: Omitted undefined stereo
[16:33:22] WARNING: Omitted undefined stereo
[16:33:22] WARNING: Omitted undefined stereo
[16:33:22] WARNING: Omitted undefined stereo
[16:33:22] WARNING: Omitted undefined stereo
[16:33:22] WARNING: Omitted undefined stereo
[16:33:22] WARNING: Omitted undefined stereo
[16:34:08] WARNING: Omitted undefined stereo
[16:34:08] WARNING: Omitted undefined stereo
[16:34:08] WARNING: Omitted undefined stereo
[16:34:08] WARNING: Omitted undefined stereo
[16:34:08] WARNING: Omitted undefined stereo
[16:34:08] WARNING: Omitted undefined stereo
[16:34:08] WARNING: Omitted undefined stereo
[16:34:08] WARNING: Omitted undefined stereo
[16:34:08] WARNING: Omitted undefined stereo
[16:34:50] WARNING: Omitted undefined stereo
[16:34:50] WARNING: Omitted undefined stereo
[16:34:50] WARNING: Omitted undefined stereo
[16:34:50] WARNING: Omitted undefined stereo
[16:34:50] WARNING: Omitted undefined stereo
[16:34:50] WARNING: Omitted undefined stereo
[16:34:50] WARNING: Omitted undefined stereo
[16:34:50] WARNING: Omitted undefined stereo
[16:35:42] WARNING: Omitted undefined stereo
[16:35:42] WARNING: Omitted undefined stereo
[16:35:42] WARNING: Omitted undefined stereo
[16:35:42] WARNING: Omitted undefined stereo
[16:35:42] WARNING: Omitted undefined stereo
[16:35:42] WARNING: Omitted undefined stereo
[16:35:42] WARNING: Omitted undefined stereo
[16:35:42] WARNING: Omitted undefined stereo
[16:35:42] WARNING: Omitted undefined stereo
[16:35:42] WARNING: Omitted undefined stereo
[16:35:42] WARNING: Omitted undefined stereo
[16:36:31] WARNING: Omitted undefined stereo
[16:36:31] WARNING: Omitted undefined stereo
[16:36:31] WARNING: Omitted undefined stereo
[16:36:31] WARNING: Omitted undefined stereo
[16:36:31] WARNING: Omitted undefined stereo
[16:36:31] WARNING: Omitted undefined stereo
[16:36:31] WARNING: Omitted undefined stereo
[16:36:31] WARNING: Omitted undefined stereo
[16:36:31] WARNING: Omitted undefined stereo
[16:36:31] WARNING: Omitted undefined stereo
[16:36:31] WARNING: Omitted undefined stereo
[16:37:57] WARNING: Omitted undefined stereo
[16:37:57] WARNING: Omitted undefined stereo
[16:37:57] WARNING: Omitted undefined stereo
[16:37:57] WARNING: Omitted undefined stereo
[16:37:57] WARNING: Omitted undefined stereo
[16:37:57] WARNING: Omitted undefined stereo
[16:37:57] WARNING: Omitted undefined stereo
[16:37:57] WARNING: Omitted undefined stereo
[16:37:57] WARNING: Omitted undefined stereo
[16:37:57] WARNING: Omitted undefined stereo
[16:37:57] WARNING: Omitted undefined stereo
[16:38:53] WARNING: Omitted undefined stereo
[16:38:53] WARNING: Omitted undefined stereo
[16:38:53] WARNING: Omitted undefined stereo
[16:38:53] WARNING: Omitted undefined stereo
[16:38:53] WARNING: Omitted undefined stereo
[16:38:53] WARNING: Omitted undefined stereo
[16:38:53] WARNING: Omitted undefined stereo
[16:38:53] WARNING: Omitted undefined stereo
[16:38:53] WARNING: Omitted undefined stereo
[16:38:53] WARNING: Omitted undefined stereo
[16:38:53] WARNING: Omitted undefined stereo
[16:38:53] WARNING: Omitted undefined stereo
[16:38:53] WARNING: Omitted undefined stereo
[16:39:57] WARNING: Omitted undefined stereo
[16:39:57] WARNING: Omitted undefined stereo
[16:39:57] WARNING: Omitted undefined stereo
[16:39:57] WARNING: Omitted undefined stereo
[16:39:57] WARNING: Omitted undefined stereo
[16:39:57] WARNING: Omitted undefined stereo
[16:40:45] WARNING: Omitted undefined stereo
[16:40:45] WARNING: Omitted undefined stereo
[16:40:45] WARNING: Omitted undefined stereo
[16:40:45] WARNING: Omitted undefined stereo
[16:40:45] WARNING: Omitted undefined stereo
[16:40:45] WARNING: Omitted undefined stereo
[16:41:55] WARNING: Omitted undefined stereo
[16:41:55] WARNING: Omitted undefined stereo
[16:41:55] WARNING: Omitted undefined stereo
[16:41:55] WARNING: Omitted undefined stereo
[16:41:55] WARNING: Omitted undefined stereo
[16:41:55] WARNING: Omitted undefined stereo
[16:41:55] WARNING: Omitted undefined stereo
[16:43:20] WARNING: Omitted undefined stereo
[16:43:20] WARNING: Omitted undefined stereo
[16:43:20] WARNING: Omitted undefined stereo
[16:43:20] WARNING: Omitted undefined stereo
[16:43:20] WARNING: Omitted undefined stereo
[16:43:20] WARNING: Omitted undefined stereo
[16:43:20] WARNING: Accepted unusual valence(s): S(3); Omitted undefined stereo
[16:43:20] WARNING: Accepted unusual valence(s): S(3); Omitted undefined stereo
[16:43:20] WARNING: Omitted undefined stereo
[16:44:18] WARNING: Omitted undefined stereo
[16:44:18] WARNING: Omitted undefined stereo
[16:44:18] WARNING: Omitted undefined stereo
[16:44:18] WARNING: Omitted undefined stereo
[16:44:18] WARNING: Omitted undefined stereo
[16:44:18] WARNING: Omitted undefined stereo
[16:44:18] WARNING: Omitted undefined stereo
[16:44:18] WARNING: Omitted undefined stereo
[16:44:18] WARNING: Omitted undefined stereo
[16:44:18] WARNING: Omitted undefined stereo
[16:44:18] WARNING: Omitted undefined stereo
[16:44:18] WARNING: Omitted undefined stereo
<frozen importlib._bootstrap>:219: RuntimeWarning: scipy._lib.messagestream.MessageStream size changed, may indicate binary incompatibility. Expected 56 from C header, got 64 from PyObject
/work/mech-ai/bella/MolTransformer_repo/MolTransformer/generative/generative_utils.py:553: SettingWithCopyWarning: 
A value is trying to be set on a copy of a slice from a DataFrame.
Try using .loc[row_indexer,col_indexer] = value instead

See the caveats in the documentation: https://pandas.pydata.org/pandas-docs/stable/user_guide/indexing.html#returning-a-view-versus-a-copy
  df_no_dupes_smiles['InChI'] = df_no_dupes_smiles['SMILES'].apply(safe_smiles_to_inchi)
/work/mech-ai/bella/MolTransformer_repo/MolTransformer/generative/generative_utils.py:553: SettingWithCopyWarning: 
A value is trying to be set on a copy of a slice from a DataFrame.
Try using .loc[row_indexer,col_indexer] = value instead

See the caveats in the documentation: https://pandas.pydata.org/pandas-docs/stable/user_guide/indexing.html#returning-a-view-versus-a-copy
  df_no_dupes_smiles['InChI'] = df_no_dupes_smiles['SMILES'].apply(safe_smiles_to_inchi)
/work/mech-ai/bella/MolTransformer_repo/MolTransformer/generative/generative_utils.py:553: SettingWithCopyWarning: 
A value is trying to be set on a copy of a slice from a DataFrame.
Try using .loc[row_indexer,col_indexer] = value instead

See the caveats in the documentation: https://pandas.pydata.org/pandas-docs/stable/user_guide/indexing.html#returning-a-view-versus-a-copy
  df_no_dupes_smiles['InChI'] = df_no_dupes_smiles['SMILES'].apply(safe_smiles_to_inchi)
/work/mech-ai/bella/MolTransformer_repo/MolTransformer/generative/generative_utils.py:553: SettingWithCopyWarning: 
A value is trying to be set on a copy of a slice from a DataFrame.
Try using .loc[row_indexer,col_indexer] = value instead

See the caveats in the documentation: https://pandas.pydata.org/pandas-docs/stable/user_guide/indexing.html#returning-a-view-versus-a-copy
  df_no_dupes_smiles['InChI'] = df_no_dupes_smiles['SMILES'].apply(safe_smiles_to_inchi)
/work/mech-ai/bella/MolTransformer_repo/MolTransformer/generative/generative_utils.py:553: SettingWithCopyWarning: 
A value is trying to be set on a copy of a slice from a DataFrame.
Try using .loc[row_indexer,col_indexer] = value instead

See the caveats in the documentation: https://pandas.pydata.org/pandas-docs/stable/user_guide/indexing.html#returning-a-view-versus-a-copy
  df_no_dupes_smiles['InChI'] = df_no_dupes_smiles['SMILES'].apply(safe_smiles_to_inchi)
/work/mech-ai/bella/MolTransformer_repo/MolTransformer/generative/generative_utils.py:553: SettingWithCopyWarning: 
A value is trying to be set on a copy of a slice from a DataFrame.
Try using .loc[row_indexer,col_indexer] = value instead

See the caveats in the documentation: https://pandas.pydata.org/pandas-docs/stable/user_guide/indexing.html#returning-a-view-versus-a-copy
  df_no_dupes_smiles['InChI'] = df_no_dupes_smiles['SMILES'].apply(safe_smiles_to_inchi)
/work/mech-ai/bella/MolTransformer_repo/MolTransformer/generative/generative_utils.py:553: SettingWithCopyWarning: 
A value is trying to be set on a copy of a slice from a DataFrame.
Try using .loc[row_indexer,col_indexer] = value instead

See the caveats in the documentation: https://pandas.pydata.org/pandas-docs/stable/user_guide/indexing.html#returning-a-view-versus-a-copy
  df_no_dupes_smiles['InChI'] = df_no_dupes_smiles['SMILES'].apply(safe_smiles_to_inchi)
/work/mech-ai/bella/MolTransformer_repo/MolTransformer/generative/generative_utils.py:553: SettingWithCopyWarning: 
A value is trying to be set on a copy of a slice from a DataFrame.
Try using .loc[row_indexer,col_indexer] = value instead

See the caveats in the documentation: https://pandas.pydata.org/pandas-docs/stable/user_guide/indexing.html#returning-a-view-versus-a-copy
  df_no_dupes_smiles['InChI'] = df_no_dupes_smiles['SMILES'].apply(safe_smiles_to_inchi)
/work/mech-ai/bella/MolTransformer_repo/MolTransformer/generative/generative_utils.py:553: SettingWithCopyWarning: 
A value is trying to be set on a copy of a slice from a DataFrame.
Try using .loc[row_indexer,col_indexer] = value instead

See the caveats in the documentation: https://pandas.pydata.org/pandas-docs/stable/user_guide/indexing.html#returning-a-view-versus-a-copy
  df_no_dupes_smiles['InChI'] = df_no_dupes_smiles['SMILES'].apply(safe_smiles_to_inchi)
/work/mech-ai/bella/MolTransformer_repo/MolTransformer/generative/generative_utils.py:553: SettingWithCopyWarning: 
A value is trying to be set on a copy of a slice from a DataFrame.
Try using .loc[row_indexer,col_indexer] = value instead

See the caveats in the documentation: https://pandas.pydata.org/pandas-docs/stable/user_guide/indexing.html#returning-a-view-versus-a-copy
  df_no_dupes_smiles['InChI'] = df_no_dupes_smiles['SMILES'].apply(safe_smiles_to_inchi)
/work/mech-ai/bella/MolTransformer_repo/MolTransformer/generative/generative_utils.py:553: SettingWithCopyWarning: 
A value is trying to be set on a copy of a slice from a DataFrame.
Try using .loc[row_indexer,col_indexer] = value instead

See the caveats in the documentation: https://pandas.pydata.org/pandas-docs/stable/user_guide/indexing.html#returning-a-view-versus-a-copy
  df_no_dupes_smiles['InChI'] = df_no_dupes_smiles['SMILES'].apply(safe_smiles_to_inchi)
/work/mech-ai/bella/MolTransformer_repo/MolTransformer/generative/generative_utils.py:553: SettingWithCopyWarning: 
A value is trying to be set on a copy of a slice from a DataFrame.
Try using .loc[row_indexer,col_indexer] = value instead

See the caveats in the documentation: https://pandas.pydata.org/pandas-docs/stable/user_guide/indexing.html#returning-a-view-versus-a-copy
  df_no_dupes_smiles['InChI'] = df_no_dupes_smiles['SMILES'].apply(safe_smiles_to_inchi)
/work/mech-ai/bella/MolTransformer_repo/MolTransformer/generative/generative_utils.py:553: SettingWithCopyWarning: 
A value is trying to be set on a copy of a slice from a DataFrame.
Try using .loc[row_indexer,col_indexer] = value instead

See the caveats in the documentation: https://pandas.pydata.org/pandas-docs/stable/user_guide/indexing.html#returning-a-view-versus-a-copy
  df_no_dupes_smiles['InChI'] = df_no_dupes_smiles['SMILES'].apply(safe_smiles_to_inchi)
/work/mech-ai/bella/MolTransformer_repo/MolTransformer/generative/generative_utils.py:553: SettingWithCopyWarning: 
A value is trying to be set on a copy of a slice from a DataFrame.
Try using .loc[row_indexer,col_indexer] = value instead

See the caveats in the documentation: https://pandas.pydata.org/pandas-docs/stable/user_guide/indexing.html#returning-a-view-versus-a-copy
  df_no_dupes_smiles['InChI'] = df_no_dupes_smiles['SMILES'].apply(safe_smiles_to_inchi)
/work/mech-ai/bella/MolTransformer_repo/MolTransformer/generative/generative_utils.py:553: SettingWithCopyWarning: 
A value is trying to be set on a copy of a slice from a DataFrame.
Try using .loc[row_indexer,col_indexer] = value instead

See the caveats in the documentation: https://pandas.pydata.org/pandas-docs/stable/user_guide/indexing.html#returning-a-view-versus-a-copy
  df_no_dupes_smiles['InChI'] = df_no_dupes_smiles['SMILES'].apply(safe_smiles_to_inchi)
/work/mech-ai/bella/MolTransformer_repo/MolTransformer/generative/generative_utils.py:553: SettingWithCopyWarning: 
A value is trying to be set on a copy of a slice from a DataFrame.
Try using .loc[row_indexer,col_indexer] = value instead

See the caveats in the documentation: https://pandas.pydata.org/pandas-docs/stable/user_guide/indexing.html#returning-a-view-versus-a-copy
  df_no_dupes_smiles['InChI'] = df_no_dupes_smiles['SMILES'].apply(safe_smiles_to_inchi)
/work/mech-ai/bella/MolTransformer_repo/MolTransformer/generative/generative_utils.py:553: SettingWithCopyWarning: 
A value is trying to be set on a copy of a slice from a DataFrame.
Try using .loc[row_indexer,col_indexer] = value instead

See the caveats in the documentation: https://pandas.pydata.org/pandas-docs/stable/user_guide/indexing.html#returning-a-view-versus-a-copy
  df_no_dupes_smiles['InChI'] = df_no_dupes_smiles['SMILES'].apply(safe_smiles_to_inchi)
/work/mech-ai/bella/MolTransformer_repo/MolTransformer/generative/generative_utils.py:553: SettingWithCopyWarning: 
A value is trying to be set on a copy of a slice from a DataFrame.
Try using .loc[row_indexer,col_indexer] = value instead

See the caveats in the documentation: https://pandas.pydata.org/pandas-docs/stable/user_guide/indexing.html#returning-a-view-versus-a-copy
  df_no_dupes_smiles['InChI'] = df_no_dupes_smiles['SMILES'].apply(safe_smiles_to_inchi)
/work/mech-ai/bella/MolTransformer_repo/MolTransformer/generative/generative_utils.py:553: SettingWithCopyWarning: 
A value is trying to be set on a copy of a slice from a DataFrame.
Try using .loc[row_indexer,col_indexer] = value instead

See the caveats in the documentation: https://pandas.pydata.org/pandas-docs/stable/user_guide/indexing.html#returning-a-view-versus-a-copy
  df_no_dupes_smiles['InChI'] = df_no_dupes_smiles['SMILES'].apply(safe_smiles_to_inchi)
/work/mech-ai/bella/MolTransformer_repo/MolTransformer/generative/generative_utils.py:553: SettingWithCopyWarning: 
A value is trying to be set on a copy of a slice from a DataFrame.
Try using .loc[row_indexer,col_indexer] = value instead

See the caveats in the documentation: https://pandas.pydata.org/pandas-docs/stable/user_guide/indexing.html#returning-a-view-versus-a-copy
  df_no_dupes_smiles['InChI'] = df_no_dupes_smiles['SMILES'].apply(safe_smiles_to_inchi)
/work/mech-ai/bella/MolTransformer_repo/MolTransformer/generative/generative_utils.py:553: SettingWithCopyWarning: 
A value is trying to be set on a copy of a slice from a DataFrame.
Try using .loc[row_indexer,col_indexer] = value instead

See the caveats in the documentation: https://pandas.pydata.org/pandas-docs/stable/user_guide/indexing.html#returning-a-view-versus-a-copy
  df_no_dupes_smiles['InChI'] = df_no_dupes_smiles['SMILES'].apply(safe_smiles_to_inchi)
/work/mech-ai/bella/MolTransformer_repo/MolTransformer/generative/generative_utils.py:553: SettingWithCopyWarning: 
A value is trying to be set on a copy of a slice from a DataFrame.
Try using .loc[row_indexer,col_indexer] = value instead

See the caveats in the documentation: https://pandas.pydata.org/pandas-docs/stable/user_guide/indexing.html#returning-a-view-versus-a-copy
  df_no_dupes_smiles['InChI'] = df_no_dupes_smiles['SMILES'].apply(safe_smiles_to_inchi)
/work/mech-ai/bella/MolTransformer_repo/MolTransformer/generative/generative_utils.py:553: SettingWithCopyWarning: 
A value is trying to be set on a copy of a slice from a DataFrame.
Try using .loc[row_indexer,col_indexer] = value instead

See the caveats in the documentation: https://pandas.pydata.org/pandas-docs/stable/user_guide/indexing.html#returning-a-view-versus-a-copy
  df_no_dupes_smiles['InChI'] = df_no_dupes_smiles['SMILES'].apply(safe_smiles_to_inchi)
/work/mech-ai/bella/MolTransformer_repo/MolTransformer/generative/generative_utils.py:553: SettingWithCopyWarning: 
A value is trying to be set on a copy of a slice from a DataFrame.
Try using .loc[row_indexer,col_indexer] = value instead

See the caveats in the documentation: https://pandas.pydata.org/pandas-docs/stable/user_guide/indexing.html#returning-a-view-versus-a-copy
  df_no_dupes_smiles['InChI'] = df_no_dupes_smiles['SMILES'].apply(safe_smiles_to_inchi)
/work/mech-ai/bella/MolTransformer_repo/MolTransformer/generative/generative_utils.py:553: SettingWithCopyWarning: 
A value is trying to be set on a copy of a slice from a DataFrame.
Try using .loc[row_indexer,col_indexer] = value instead

See the caveats in the documentation: https://pandas.pydata.org/pandas-docs/stable/user_guide/indexing.html#returning-a-view-versus-a-copy
  df_no_dupes_smiles['InChI'] = df_no_dupes_smiles['SMILES'].apply(safe_smiles_to_inchi)
expect a configuration file at : /work/mech-ai/bella/MolTransformer_repo/MolTransformer/train_config.json
Log file will be located at:  /work/mech-ai/bella/MolTransformer_repo/MolTransformer/log_file.log
expect a configuration file at : /work/mech-ai/bella/MolTransformer_repo/MolTransformer/train_config.json
expect a configuration file at : /work/mech-ai/bella/MolTransformer_repo/MolTransformer/train_config.json
expect a configuration file at : /work/mech-ai/bella/MolTransformer_repo/MolTransformer/config.json
self.mode SS
done intialized
loading SS model
load the cpu model!! 
selfies  ['[H][C][Branch1][C][H][Branch1][C][H][H]']
selfies  ['[H][C][=C][Branch1][C][H][C][Branch1][C][H][=C][Branch2][Ring1][=Branch1][C][=C][Branch1][C][H][C][Branch1][C][H][=C][Branch1][C][H][C][Branch1][C][H][=C][Ring1][#Branch2][H][C][Branch1][C][H][=C][Ring2][Ring1][Ring2][H]']
shape of interpolated_memories_array:  (200, 1, 401, 30)
Saved visualization to /work/mech-ai/bella/ChemTransformer/report/GenerativeMethods/molecular_evolution//0/molecular_evolution/MolecularLinearEvolution1.png
done 1 pair
self.mode SS
done intialized
loading SS model
load the cpu model!! 
selfies  ['[H][C][Branch1][C][H][Branch1][C][H][H]']
selfies  ['[H][C][=C][Branch1][C][H][C][Branch1][C][H][=C][C][Branch1][C][H][=C][C][Branch1][C][H][=C][C][Branch1][C][H][=C][C][Branch1][C][H][=C][Branch1][C][H][C][Branch1][C][H][=C][Branch1][C][H][C][Ring1][#Branch2][=C][Branch1][C][H][C][Ring1][S][=C][Branch1][C][H][C][Ring2][Ring1][=Branch1][=C][Branch1][C][H][C][Ring2][Ring1][N][=C][Ring2][Ring2][C][H]']
shape of interpolated_memories_array:  (200, 1, 401, 30)
Saved visualization to /work/mech-ai/bella/ChemTransformer/report/GenerativeMethods/molecular_evolution//1/molecular_evolution/MolecularLinearEvolution1.png
done 1 pair
self.mode SS
done intialized
loading SS model
load the cpu model!! 
selfies  ['[H][C][Branch1][C][H][Branch1][C][H][H]']
selfies  ['[H][C][=C][Branch1][C][H][C][Branch1][C][H][=C][C][=Branch1][Branch1][=C][Ring1][Branch2][H][S][C][=C][Ring1][#Branch1][S][C][=C][Branch1][C][H][C][Branch1][C][H][=C][Branch1][C][H][C][Branch1][C][H][=C][Ring1][#Branch2][Ring1][=N]']
shape of interpolated_memories_array:  (200, 1, 401, 30)
Saved visualization to /work/mech-ai/bella/ChemTransformer/report/GenerativeMethods/molecular_evolution//2/molecular_evolution/MolecularLinearEvolution1.png
done 1 pair
self.mode SS
done intialized
loading SS model
load the cpu model!! 
selfies  ['[H][C][Branch1][C][H][Branch1][C][H][H]']
selfies  ['[H][C][=C][Branch1][C][H][C][Branch1][C][H][=C][C][Branch1][C][H][=C][C][Branch2][Branch1][Ring2][C][#C][Si][C][Branch1][C][H][Branch1][=Branch2][C][Branch1][C][H][Branch1][C][H][H][C][Branch1][C][H][Branch1][C][H][C][Ring1][O][Branch1][C][H][C][Branch1][C][H][Branch1][C][H][C][Ring1][S][Branch1][C][H][C][Branch1][C][H][Branch1][C][H][H][=C][C][Branch1][C][H][=C][C][Branch1][C][H][=C][Branch1][C][H][C][Branch1][C][H][=C][Branch1][C][H][C][Ring1][#Branch2][=C][Branch1][C][H][C][Ring1][S][=C][Branch2][Branch1][Ring2][C][#C][Si][C][Branch1][C][H][Branch1][=Branch2][C][Branch1][C][H][Branch1][C][H][H][C][Branch1][C][H][Branch1][C][H][C][Ring1][O][Branch1][C][H][C][Branch1][C][H][Branch1][C][H][C][Ring1][S][Branch1][C][H][C][Branch1][C][H][Branch1][C][H][H][C][Ring2][=Branch1][C][=C][Branch1][C][H][C][Ring2][=Branch1][Branch2][=C][Ring2][=Branch1][=C][H]']
shape of interpolated_memories_array:  (200, 1, 401, 30)
Saved visualization to /work/mech-ai/bella/ChemTransformer/report/GenerativeMethods/molecular_evolution//3/molecular_evolution/MolecularLinearEvolution1.png
done 1 pair
self.mode SS
done intialized
loading SS model
load the cpu model!! 
selfies  ['[H][C][Branch1][C][H][Branch1][C][H][H]']
selfies  ['[H][O][C][=C][Branch1][C][H][C][Branch1][C][H][=C][Branch2][=Branch1][Ring2][C][=C][Branch1][C][H][C][Branch1][Ring1][O][H][=C][Branch1][Ring1][O][H][C][Branch1][C][H][=C][Ring1][N][C][=C][Branch1][C][H][C][Branch1][Ring1][O][H][=C][Branch1][Ring1][O][H][C][Branch1][C][H][=C][Ring1][N][C][=C][Branch1][C][H][C][Branch1][C][H][=C][Branch1][Ring1][O][H][C][Branch1][Ring1][O][H][=C][Ring1][N][H][C][Branch1][C][H][=C][Ring2][Ring2][=C][O][H]']
shape of interpolated_memories_array:  (200, 1, 401, 30)
Saved visualization to /work/mech-ai/bella/ChemTransformer/report/GenerativeMethods/molecular_evolution//4/molecular_evolution/MolecularLinearEvolution1.png
done 1 pair
self.mode SS
done intialized
loading SS model
load the cpu model!! 
selfies  ['[H][C][=C][Branch1][C][H][C][Branch1][C][H][=C][Branch1][C][H][C][Branch1][C][H][=C][Ring1][#Branch2][H]']
selfies  ['[H][C][=C][Branch1][C][H][C][Branch1][C][H][=C][Branch2][Ring1][=Branch1][C][=C][Branch1][C][H][C][Branch1][C][H][=C][Branch1][C][H][C][Branch1][C][H][=C][Ring1][#Branch2][H][C][Branch1][C][H][=C][Ring2][Ring1][Ring2][H]']
shape of interpolated_memories_array:  (200, 1, 401, 30)
Saved visualization to /work/mech-ai/bella/ChemTransformer/report/GenerativeMethods/molecular_evolution//5/molecular_evolution/MolecularLinearEvolution1.png
done 1 pair
self.mode SS
done intialized
loading SS model
load the cpu model!! 
selfies  ['[H][C][=C][Branch1][C][H][C][Branch1][C][H][=C][Branch1][C][H][C][Branch1][C][H][=C][Ring1][#Branch2][H]']
selfies  ['[H][C][=C][Branch1][C][H][C][Branch1][C][H][=C][C][Branch1][C][H][=C][C][Branch1][C][H][=C][C][Branch1][C][H][=C][C][Branch1][C][H][=C][Branch1][C][H][C][Branch1][C][H][=C][Branch1][C][H][C][Ring1][#Branch2][=C][Branch1][C][H][C][Ring1][S][=C][Branch1][C][H][C][Ring2][Ring1][=Branch1][=C][Branch1][C][H][C][Ring2][Ring1][N][=C][Ring2][Ring2][C][H]']
shape of interpolated_memories_array:  (200, 1, 401, 30)
Saved visualization to /work/mech-ai/bella/ChemTransformer/report/GenerativeMethods/molecular_evolution//6/molecular_evolution/MolecularLinearEvolution1.png
done 1 pair
self.mode SS
done intialized
loading SS model
load the cpu model!! 
selfies  ['[H][C][=C][Branch1][C][H][C][Branch1][C][H][=C][Branch1][C][H][C][Branch1][C][H][=C][Ring1][#Branch2][H]']
selfies  ['[H][C][=C][Branch1][C][H][C][Branch1][C][H][=C][C][=Branch1][Branch1][=C][Ring1][Branch2][H][S][C][=C][Ring1][#Branch1][S][C][=C][Branch1][C][H][C][Branch1][C][H][=C][Branch1][C][H][C][Branch1][C][H][=C][Ring1][#Branch2][Ring1][=N]']
shape of interpolated_memories_array:  (200, 1, 401, 30)
IOError
Saved visualization to /work/mech-ai/bella/ChemTransformer/report/GenerativeMethods/molecular_evolution//7/molecular_evolution/MolecularLinearEvolution1.png
done 1 pair
self.mode SS
done intialized
loading SS model
load the cpu model!! 
selfies  ['[H][C][=C][Branch1][C][H][C][Branch1][C][H][=C][Branch1][C][H][C][Branch1][C][H][=C][Ring1][#Branch2][H]']
selfies  ['[H][C][=C][Branch1][C][H][C][Branch1][C][H][=C][C][Branch1][C][H][=C][C][Branch2][Branch1][Ring2][C][#C][Si][C][Branch1][C][H][Branch1][=Branch2][C][Branch1][C][H][Branch1][C][H][H][C][Branch1][C][H][Branch1][C][H][C][Ring1][O][Branch1][C][H][C][Branch1][C][H][Branch1][C][H][C][Ring1][S][Branch1][C][H][C][Branch1][C][H][Branch1][C][H][H][=C][C][Branch1][C][H][=C][C][Branch1][C][H][=C][Branch1][C][H][C][Branch1][C][H][=C][Branch1][C][H][C][Ring1][#Branch2][=C][Branch1][C][H][C][Ring1][S][=C][Branch2][Branch1][Ring2][C][#C][Si][C][Branch1][C][H][Branch1][=Branch2][C][Branch1][C][H][Branch1][C][H][H][C][Branch1][C][H][Branch1][C][H][C][Ring1][O][Branch1][C][H][C][Branch1][C][H][Branch1][C][H][C][Ring1][S][Branch1][C][H][C][Branch1][C][H][Branch1][C][H][H][C][Ring2][=Branch1][C][=C][Branch1][C][H][C][Ring2][=Branch1][Branch2][=C][Ring2][=Branch1][=C][H]']
shape of interpolated_memories_array:  (200, 1, 401, 30)
Saved visualization to /work/mech-ai/bella/ChemTransformer/report/GenerativeMethods/molecular_evolution//8/molecular_evolution/MolecularLinearEvolution1.png
done 1 pair
self.mode SS
done intialized
loading SS model
load the cpu model!! 
selfies  ['[H][C][=C][Branch1][C][H][C][Branch1][C][H][=C][Branch1][C][H][C][Branch1][C][H][=C][Ring1][#Branch2][H]']
selfies  ['[H][O][C][=C][Branch1][C][H][C][Branch1][C][H][=C][Branch2][=Branch1][Ring2][C][=C][Branch1][C][H][C][Branch1][Ring1][O][H][=C][Branch1][Ring1][O][H][C][Branch1][C][H][=C][Ring1][N][C][=C][Branch1][C][H][C][Branch1][Ring1][O][H][=C][Branch1][Ring1][O][H][C][Branch1][C][H][=C][Ring1][N][C][=C][Branch1][C][H][C][Branch1][C][H][=C][Branch1][Ring1][O][H][C][Branch1][Ring1][O][H][=C][Ring1][N][H][C][Branch1][C][H][=C][Ring2][Ring2][=C][O][H]']
shape of interpolated_memories_array:  (200, 1, 401, 30)
Saved visualization to /work/mech-ai/bella/ChemTransformer/report/GenerativeMethods/molecular_evolution//9/molecular_evolution/MolecularLinearEvolution1.png
done 1 pair
self.mode SS
done intialized
loading SS model
load the cpu model!! 
selfies  ['[H][O][C][Branch1][C][H][Branch1][C][H][C][Branch1][C][H][Branch1][C][H][O][C][Branch1][C][H][Branch1][C][H][N][C][Branch1][C][H][=N][C][=C][Ring1][=Branch1][N][Branch1][C][H][C][Branch1][C][H][Branch1][=Branch1][N][Branch1][C][H][H][N][Branch1][C][H][C][Ring1][N][=O]']
selfies  ['[H][C][=C][Branch1][C][H][C][Branch1][C][H][=C][Branch2][Ring1][=Branch1][C][=C][Branch1][C][H][C][Branch1][C][H][=C][Branch1][C][H][C][Branch1][C][H][=C][Ring1][#Branch2][H][C][Branch1][C][H][=C][Ring2][Ring1][Ring2][H]']
shape of interpolated_memories_array:  (200, 1, 401, 30)
Saved visualization to /work/mech-ai/bella/ChemTransformer/report/GenerativeMethods/molecular_evolution//10/molecular_evolution/MolecularLinearEvolution1.png
done 1 pair
self.mode SS
done intialized
loading SS model
load the cpu model!! 
selfies  ['[H][O][C][Branch1][C][H][Branch1][C][H][C][Branch1][C][H][Branch1][C][H][O][C][Branch1][C][H][Branch1][C][H][N][C][Branch1][C][H][=N][C][=C][Ring1][=Branch1][N][Branch1][C][H][C][Branch1][C][H][Branch1][=Branch1][N][Branch1][C][H][H][N][Branch1][C][H][C][Ring1][N][=O]']
selfies  ['[H][C][=C][Branch1][C][H][C][Branch1][C][H][=C][C][Branch1][C][H][=C][C][Branch1][C][H][=C][C][Branch1][C][H][=C][C][Branch1][C][H][=C][Branch1][C][H][C][Branch1][C][H][=C][Branch1][C][H][C][Ring1][#Branch2][=C][Branch1][C][H][C][Ring1][S][=C][Branch1][C][H][C][Ring2][Ring1][=Branch1][=C][Branch1][C][H][C][Ring2][Ring1][N][=C][Ring2][Ring2][C][H]']
shape of interpolated_memories_array:  (200, 1, 401, 30)
Saved visualization to /work/mech-ai/bella/ChemTransformer/report/GenerativeMethods/molecular_evolution//11/molecular_evolution/MolecularLinearEvolution1.png
done 1 pair
self.mode SS
done intialized
loading SS model
load the cpu model!! 
selfies  ['[H][O][C][Branch1][C][H][Branch1][C][H][C][Branch1][C][H][Branch1][C][H][O][C][Branch1][C][H][Branch1][C][H][N][C][Branch1][C][H][=N][C][=C][Ring1][=Branch1][N][Branch1][C][H][C][Branch1][C][H][Branch1][=Branch1][N][Branch1][C][H][H][N][Branch1][C][H][C][Ring1][N][=O]']
selfies  ['[H][C][=C][Branch1][C][H][C][Branch1][C][H][=C][C][=Branch1][Branch1][=C][Ring1][Branch2][H][S][C][=C][Ring1][#Branch1][S][C][=C][Branch1][C][H][C][Branch1][C][H][=C][Branch1][C][H][C][Branch1][C][H][=C][Ring1][#Branch2][Ring1][=N]']
shape of interpolated_memories_array:  (200, 1, 401, 30)
Saved visualization to /work/mech-ai/bella/ChemTransformer/report/GenerativeMethods/molecular_evolution//12/molecular_evolution/MolecularLinearEvolution1.png
done 1 pair
self.mode SS
done intialized
loading SS model
load the cpu model!! 
selfies  ['[H][O][C][Branch1][C][H][Branch1][C][H][C][Branch1][C][H][Branch1][C][H][O][C][Branch1][C][H][Branch1][C][H][N][C][Branch1][C][H][=N][C][=C][Ring1][=Branch1][N][Branch1][C][H][C][Branch1][C][H][Branch1][=Branch1][N][Branch1][C][H][H][N][Branch1][C][H][C][Ring1][N][=O]']
selfies  ['[H][C][=C][Branch1][C][H][C][Branch1][C][H][=C][C][Branch1][C][H][=C][C][Branch2][Branch1][Ring2][C][#C][Si][C][Branch1][C][H][Branch1][=Branch2][C][Branch1][C][H][Branch1][C][H][H][C][Branch1][C][H][Branch1][C][H][C][Ring1][O][Branch1][C][H][C][Branch1][C][H][Branch1][C][H][C][Ring1][S][Branch1][C][H][C][Branch1][C][H][Branch1][C][H][H][=C][C][Branch1][C][H][=C][C][Branch1][C][H][=C][Branch1][C][H][C][Branch1][C][H][=C][Branch1][C][H][C][Ring1][#Branch2][=C][Branch1][C][H][C][Ring1][S][=C][Branch2][Branch1][Ring2][C][#C][Si][C][Branch1][C][H][Branch1][=Branch2][C][Branch1][C][H][Branch1][C][H][H][C][Branch1][C][H][Branch1][C][H][C][Ring1][O][Branch1][C][H][C][Branch1][C][H][Branch1][C][H][C][Ring1][S][Branch1][C][H][C][Branch1][C][H][Branch1][C][H][H][C][Ring2][=Branch1][C][=C][Branch1][C][H][C][Ring2][=Branch1][Branch2][=C][Ring2][=Branch1][=C][H]']
shape of interpolated_memories_array:  (200, 1, 401, 30)
Saved visualization to /work/mech-ai/bella/ChemTransformer/report/GenerativeMethods/molecular_evolution//13/molecular_evolution/MolecularLinearEvolution1.png
done 1 pair
self.mode SS
done intialized
loading SS model
load the cpu model!! 
selfies  ['[H][O][C][Branch1][C][H][Branch1][C][H][C][Branch1][C][H][Branch1][C][H][O][C][Branch1][C][H][Branch1][C][H][N][C][Branch1][C][H][=N][C][=C][Ring1][=Branch1][N][Branch1][C][H][C][Branch1][C][H][Branch1][=Branch1][N][Branch1][C][H][H][N][Branch1][C][H][C][Ring1][N][=O]']
selfies  ['[H][O][C][=C][Branch1][C][H][C][Branch1][C][H][=C][Branch2][=Branch1][Ring2][C][=C][Branch1][C][H][C][Branch1][Ring1][O][H][=C][Branch1][Ring1][O][H][C][Branch1][C][H][=C][Ring1][N][C][=C][Branch1][C][H][C][Branch1][Ring1][O][H][=C][Branch1][Ring1][O][H][C][Branch1][C][H][=C][Ring1][N][C][=C][Branch1][C][H][C][Branch1][C][H][=C][Branch1][Ring1][O][H][C][Branch1][Ring1][O][H][=C][Ring1][N][H][C][Branch1][C][H][=C][Ring2][Ring2][=C][O][H]']
shape of interpolated_memories_array:  (200, 1, 401, 30)
Saved visualization to /work/mech-ai/bella/ChemTransformer/report/GenerativeMethods/molecular_evolution//14/molecular_evolution/MolecularLinearEvolution1.png
done 1 pair
self.mode SS
done intialized
loading SS model
load the cpu model!! 
selfies  ['[H][C][=C][Branch1][C][H][C][Branch1][C][H][=C][Branch2][Branch1][Ring2][N][C][=Branch1][C][=O][C][Branch2][Ring1][Ring2][N][Branch1][=Branch2][C][Branch1][C][H][Branch1][C][H][H][C][Branch1][C][H][Branch1][C][H][H][=C][Branch1][=Branch2][C][Branch1][C][H][Branch1][C][H][H][N][Ring2][Ring1][Ring1][C][Branch1][C][H][Branch1][C][H][H][C][Branch1][C][H][=C][Ring2][Ring1][S][H]']
selfies  ['[H][C][=C][Branch1][C][H][C][Branch1][C][H][=C][Branch2][Ring1][=Branch1][C][=C][Branch1][C][H][C][Branch1][C][H][=C][Branch1][C][H][C][Branch1][C][H][=C][Ring1][#Branch2][H][C][Branch1][C][H][=C][Ring2][Ring1][Ring2][H]']
shape of interpolated_memories_array:  (200, 1, 401, 30)
Saved visualization to /work/mech-ai/bella/ChemTransformer/report/GenerativeMethods/molecular_evolution//15/molecular_evolution/MolecularLinearEvolution1.png
done 1 pair
self.mode SS
done intialized
loading SS model
load the cpu model!! 
selfies  ['[H][C][=C][Branch1][C][H][C][Branch1][C][H][=C][Branch2][Branch1][Ring2][N][C][=Branch1][C][=O][C][Branch2][Ring1][Ring2][N][Branch1][=Branch2][C][Branch1][C][H][Branch1][C][H][H][C][Branch1][C][H][Branch1][C][H][H][=C][Branch1][=Branch2][C][Branch1][C][H][Branch1][C][H][H][N][Ring2][Ring1][Ring1][C][Branch1][C][H][Branch1][C][H][H][C][Branch1][C][H][=C][Ring2][Ring1][S][H]']
selfies  ['[H][C][=C][Branch1][C][H][C][Branch1][C][H][=C][C][Branch1][C][H][=C][C][Branch1][C][H][=C][C][Branch1][C][H][=C][C][Branch1][C][H][=C][Branch1][C][H][C][Branch1][C][H][=C][Branch1][C][H][C][Ring1][#Branch2][=C][Branch1][C][H][C][Ring1][S][=C][Branch1][C][H][C][Ring2][Ring1][=Branch1][=C][Branch1][C][H][C][Ring2][Ring1][N][=C][Ring2][Ring2][C][H]']
shape of interpolated_memories_array:  (200, 1, 401, 30)
Saved visualization to /work/mech-ai/bella/ChemTransformer/report/GenerativeMethods/molecular_evolution//16/molecular_evolution/MolecularLinearEvolution1.png
done 1 pair
self.mode SS
done intialized
loading SS model
load the cpu model!! 
selfies  ['[H][C][=C][Branch1][C][H][C][Branch1][C][H][=C][Branch2][Branch1][Ring2][N][C][=Branch1][C][=O][C][Branch2][Ring1][Ring2][N][Branch1][=Branch2][C][Branch1][C][H][Branch1][C][H][H][C][Branch1][C][H][Branch1][C][H][H][=C][Branch1][=Branch2][C][Branch1][C][H][Branch1][C][H][H][N][Ring2][Ring1][Ring1][C][Branch1][C][H][Branch1][C][H][H][C][Branch1][C][H][=C][Ring2][Ring1][S][H]']
selfies  ['[H][C][=C][Branch1][C][H][C][Branch1][C][H][=C][C][=Branch1][Branch1][=C][Ring1][Branch2][H][S][C][=C][Ring1][#Branch1][S][C][=C][Branch1][C][H][C][Branch1][C][H][=C][Branch1][C][H][C][Branch1][C][H][=C][Ring1][#Branch2][Ring1][=N]']
shape of interpolated_memories_array:  (200, 1, 401, 30)
Saved visualization to /work/mech-ai/bella/ChemTransformer/report/GenerativeMethods/molecular_evolution//17/molecular_evolution/MolecularLinearEvolution1.png
done 1 pair
self.mode SS
done intialized
loading SS model
load the cpu model!! 
selfies  ['[H][C][=C][Branch1][C][H][C][Branch1][C][H][=C][Branch2][Branch1][Ring2][N][C][=Branch1][C][=O][C][Branch2][Ring1][Ring2][N][Branch1][=Branch2][C][Branch1][C][H][Branch1][C][H][H][C][Branch1][C][H][Branch1][C][H][H][=C][Branch1][=Branch2][C][Branch1][C][H][Branch1][C][H][H][N][Ring2][Ring1][Ring1][C][Branch1][C][H][Branch1][C][H][H][C][Branch1][C][H][=C][Ring2][Ring1][S][H]']
selfies  ['[H][C][=C][Branch1][C][H][C][Branch1][C][H][=C][C][Branch1][C][H][=C][C][Branch2][Branch1][Ring2][C][#C][Si][C][Branch1][C][H][Branch1][=Branch2][C][Branch1][C][H][Branch1][C][H][H][C][Branch1][C][H][Branch1][C][H][C][Ring1][O][Branch1][C][H][C][Branch1][C][H][Branch1][C][H][C][Ring1][S][Branch1][C][H][C][Branch1][C][H][Branch1][C][H][H][=C][C][Branch1][C][H][=C][C][Branch1][C][H][=C][Branch1][C][H][C][Branch1][C][H][=C][Branch1][C][H][C][Ring1][#Branch2][=C][Branch1][C][H][C][Ring1][S][=C][Branch2][Branch1][Ring2][C][#C][Si][C][Branch1][C][H][Branch1][=Branch2][C][Branch1][C][H][Branch1][C][H][H][C][Branch1][C][H][Branch1][C][H][C][Ring1][O][Branch1][C][H][C][Branch1][C][H][Branch1][C][H][C][Ring1][S][Branch1][C][H][C][Branch1][C][H][Branch1][C][H][H][C][Ring2][=Branch1][C][=C][Branch1][C][H][C][Ring2][=Branch1][Branch2][=C][Ring2][=Branch1][=C][H]']
shape of interpolated_memories_array:  (200, 1, 401, 30)
IOError
IOError
Saved visualization to /work/mech-ai/bella/ChemTransformer/report/GenerativeMethods/molecular_evolution//18/molecular_evolution/MolecularLinearEvolution1.png
done 1 pair
self.mode SS
done intialized
loading SS model
load the cpu model!! 
selfies  ['[H][C][=C][Branch1][C][H][C][Branch1][C][H][=C][Branch2][Branch1][Ring2][N][C][=Branch1][C][=O][C][Branch2][Ring1][Ring2][N][Branch1][=Branch2][C][Branch1][C][H][Branch1][C][H][H][C][Branch1][C][H][Branch1][C][H][H][=C][Branch1][=Branch2][C][Branch1][C][H][Branch1][C][H][H][N][Ring2][Ring1][Ring1][C][Branch1][C][H][Branch1][C][H][H][C][Branch1][C][H][=C][Ring2][Ring1][S][H]']
selfies  ['[H][O][C][=C][Branch1][C][H][C][Branch1][C][H][=C][Branch2][=Branch1][Ring2][C][=C][Branch1][C][H][C][Branch1][Ring1][O][H][=C][Branch1][Ring1][O][H][C][Branch1][C][H][=C][Ring1][N][C][=C][Branch1][C][H][C][Branch1][Ring1][O][H][=C][Branch1][Ring1][O][H][C][Branch1][C][H][=C][Ring1][N][C][=C][Branch1][C][H][C][Branch1][C][H][=C][Branch1][Ring1][O][H][C][Branch1][Ring1][O][H][=C][Ring1][N][H][C][Branch1][C][H][=C][Ring2][Ring2][=C][O][H]']
shape of interpolated_memories_array:  (200, 1, 401, 30)
Saved visualization to /work/mech-ai/bella/ChemTransformer/report/GenerativeMethods/molecular_evolution//19/molecular_evolution/MolecularLinearEvolution1.png
done 1 pair
self.mode SS
done intialized
loading SS model
load the cpu model!! 
selfies  ['[H][C][=C][Branch1][C][H][C][Branch1][C][H][=C][Branch2][Branch1][#C][C][Branch1][C][H][C][Branch1][C][H][Branch2][Ring1][Ring2][N][Branch1][C][H][C][Branch1][C][H][Branch1][C][H][C][Branch1][C][H][Branch1][C][H][H][C][Branch1][C][H][C][Branch1][C][H][Branch1][C][H][C][Branch1][C][H][Branch1][C][H][C][Ring2][Ring1][=Branch1][Branch1][C][H][C][Ring1][O][Branch1][C][H][H][C][Branch1][C][H][=C][Ring2][Ring2][Ring1][H]']
selfies  ['[H][C][=C][Branch1][C][H][C][Branch1][C][H][=C][Branch2][Ring1][=Branch1][C][=C][Branch1][C][H][C][Branch1][C][H][=C][Branch1][C][H][C][Branch1][C][H][=C][Ring1][#Branch2][H][C][Branch1][C][H][=C][Ring2][Ring1][Ring2][H]']
shape of interpolated_memories_array:  (200, 1, 401, 30)
Saved visualization to /work/mech-ai/bella/ChemTransformer/report/GenerativeMethods/molecular_evolution//20/molecular_evolution/MolecularLinearEvolution1.png
done 1 pair
self.mode SS
done intialized
loading SS model
load the cpu model!! 
selfies  ['[H][C][=C][Branch1][C][H][C][Branch1][C][H][=C][Branch2][Branch1][#C][C][Branch1][C][H][C][Branch1][C][H][Branch2][Ring1][Ring2][N][Branch1][C][H][C][Branch1][C][H][Branch1][C][H][C][Branch1][C][H][Branch1][C][H][H][C][Branch1][C][H][C][Branch1][C][H][Branch1][C][H][C][Branch1][C][H][Branch1][C][H][C][Ring2][Ring1][=Branch1][Branch1][C][H][C][Ring1][O][Branch1][C][H][H][C][Branch1][C][H][=C][Ring2][Ring2][Ring1][H]']
selfies  ['[H][C][=C][Branch1][C][H][C][Branch1][C][H][=C][C][Branch1][C][H][=C][C][Branch1][C][H][=C][C][Branch1][C][H][=C][C][Branch1][C][H][=C][Branch1][C][H][C][Branch1][C][H][=C][Branch1][C][H][C][Ring1][#Branch2][=C][Branch1][C][H][C][Ring1][S][=C][Branch1][C][H][C][Ring2][Ring1][=Branch1][=C][Branch1][C][H][C][Ring2][Ring1][N][=C][Ring2][Ring2][C][H]']
shape of interpolated_memories_array:  (200, 1, 401, 30)
Saved visualization to /work/mech-ai/bella/ChemTransformer/report/GenerativeMethods/molecular_evolution//21/molecular_evolution/MolecularLinearEvolution1.png
done 1 pair
self.mode SS
done intialized
loading SS model
load the cpu model!! 
selfies  ['[H][C][=C][Branch1][C][H][C][Branch1][C][H][=C][Branch2][Branch1][#C][C][Branch1][C][H][C][Branch1][C][H][Branch2][Ring1][Ring2][N][Branch1][C][H][C][Branch1][C][H][Branch1][C][H][C][Branch1][C][H][Branch1][C][H][H][C][Branch1][C][H][C][Branch1][C][H][Branch1][C][H][C][Branch1][C][H][Branch1][C][H][C][Ring2][Ring1][=Branch1][Branch1][C][H][C][Ring1][O][Branch1][C][H][H][C][Branch1][C][H][=C][Ring2][Ring2][Ring1][H]']
selfies  ['[H][C][=C][Branch1][C][H][C][Branch1][C][H][=C][C][=Branch1][Branch1][=C][Ring1][Branch2][H][S][C][=C][Ring1][#Branch1][S][C][=C][Branch1][C][H][C][Branch1][C][H][=C][Branch1][C][H][C][Branch1][C][H][=C][Ring1][#Branch2][Ring1][=N]']
shape of interpolated_memories_array:  (200, 1, 401, 30)
Saved visualization to /work/mech-ai/bella/ChemTransformer/report/GenerativeMethods/molecular_evolution//22/molecular_evolution/MolecularLinearEvolution1.png
done 1 pair
self.mode SS
done intialized
loading SS model
load the cpu model!! 
selfies  ['[H][C][=C][Branch1][C][H][C][Branch1][C][H][=C][Branch2][Branch1][#C][C][Branch1][C][H][C][Branch1][C][H][Branch2][Ring1][Ring2][N][Branch1][C][H][C][Branch1][C][H][Branch1][C][H][C][Branch1][C][H][Branch1][C][H][H][C][Branch1][C][H][C][Branch1][C][H][Branch1][C][H][C][Branch1][C][H][Branch1][C][H][C][Ring2][Ring1][=Branch1][Branch1][C][H][C][Ring1][O][Branch1][C][H][H][C][Branch1][C][H][=C][Ring2][Ring2][Ring1][H]']
selfies  ['[H][C][=C][Branch1][C][H][C][Branch1][C][H][=C][C][Branch1][C][H][=C][C][Branch2][Branch1][Ring2][C][#C][Si][C][Branch1][C][H][Branch1][=Branch2][C][Branch1][C][H][Branch1][C][H][H][C][Branch1][C][H][Branch1][C][H][C][Ring1][O][Branch1][C][H][C][Branch1][C][H][Branch1][C][H][C][Ring1][S][Branch1][C][H][C][Branch1][C][H][Branch1][C][H][H][=C][C][Branch1][C][H][=C][C][Branch1][C][H][=C][Branch1][C][H][C][Branch1][C][H][=C][Branch1][C][H][C][Ring1][#Branch2][=C][Branch1][C][H][C][Ring1][S][=C][Branch2][Branch1][Ring2][C][#C][Si][C][Branch1][C][H][Branch1][=Branch2][C][Branch1][C][H][Branch1][C][H][H][C][Branch1][C][H][Branch1][C][H][C][Ring1][O][Branch1][C][H][C][Branch1][C][H][Branch1][C][H][C][Ring1][S][Branch1][C][H][C][Branch1][C][H][Branch1][C][H][H][C][Ring2][=Branch1][C][=C][Branch1][C][H][C][Ring2][=Branch1][Branch2][=C][Ring2][=Branch1][=C][H]']
shape of interpolated_memories_array:  (200, 1, 401, 30)
IOError
IOError
Saved visualization to /work/mech-ai/bella/ChemTransformer/report/GenerativeMethods/molecular_evolution//23/molecular_evolution/MolecularLinearEvolution1.png
done 1 pair
self.mode SS
done intialized
loading SS model
load the cpu model!! 
selfies  ['[H][C][=C][Branch1][C][H][C][Branch1][C][H][=C][Branch2][Branch1][#C][C][Branch1][C][H][C][Branch1][C][H][Branch2][Ring1][Ring2][N][Branch1][C][H][C][Branch1][C][H][Branch1][C][H][C][Branch1][C][H][Branch1][C][H][H][C][Branch1][C][H][C][Branch1][C][H][Branch1][C][H][C][Branch1][C][H][Branch1][C][H][C][Ring2][Ring1][=Branch1][Branch1][C][H][C][Ring1][O][Branch1][C][H][H][C][Branch1][C][H][=C][Ring2][Ring2][Ring1][H]']
selfies  ['[H][O][C][=C][Branch1][C][H][C][Branch1][C][H][=C][Branch2][=Branch1][Ring2][C][=C][Branch1][C][H][C][Branch1][Ring1][O][H][=C][Branch1][Ring1][O][H][C][Branch1][C][H][=C][Ring1][N][C][=C][Branch1][C][H][C][Branch1][Ring1][O][H][=C][Branch1][Ring1][O][H][C][Branch1][C][H][=C][Ring1][N][C][=C][Branch1][C][H][C][Branch1][C][H][=C][Branch1][Ring1][O][H][C][Branch1][Ring1][O][H][=C][Ring1][N][H][C][Branch1][C][H][=C][Ring2][Ring2][=C][O][H]']
shape of interpolated_memories_array:  (200, 1, 401, 30)
Saved visualization to /work/mech-ai/bella/ChemTransformer/report/GenerativeMethods/molecular_evolution//24/molecular_evolution/MolecularLinearEvolution1.png
done 1 pair
