WARNING:__main__:
*****************************************
Setting OMP_NUM_THREADS environment variable for each process to be 1 in default, to avoid your system being overloaded, please further tune the variable for optimal performance in your application as needed. 
*****************************************
Report file will be located at:  /work/mech-ai/bella/MolTransformer/output/train/qm9/MultiF_HF/lumo/multiF_HF_log.log
Report file will be located at:  /work/mech-ai/bella/MolTransformer/output/train/qm9/MultiF_HF/lumo/multiF_HF_log.log
Report file will be located at:  /work/mech-ai/bella/MolTransformer/output/train/qm9/MultiF_HF/lumo/multiF_HF_log.log
Report file will be located at:  /work/mech-ai/bella/MolTransformer/output/train/qm9/MultiF_HF/lumo/multiF_HF_log.log
<frozen importlib._bootstrap>:219: RuntimeWarning: scipy._lib.messagestream.MessageStream size changed, may indicate binary incompatibility. Expected 56 from C header, got 64 from PyObject
<frozen importlib._bootstrap>:219: RuntimeWarning: scipy._lib.messagestream.MessageStream size changed, may indicate binary incompatibility. Expected 56 from C header, got 64 from PyObject
<frozen importlib._bootstrap>:219: RuntimeWarning: scipy._lib.messagestream.MessageStream size changed, may indicate binary incompatibility. Expected 56 from C header, got 64 from PyObject
<frozen importlib._bootstrap>:219: RuntimeWarning: scipy._lib.messagestream.MessageStream size changed, may indicate binary incompatibility. Expected 56 from C header, got 64 from PyObject
imported
gpu mode
in init_distributed_mode if "RANK" in os.environ and "WORLD_SIZE" in os.environ
Rank:0
World Size:4
GPU:0
set distrubuted
imported
gpu mode
in init_distributed_mode if "RANK" in os.environ and "WORLD_SIZE" in os.environ
Rank:3
World Size:4
GPU:3
set distrubuted
imported
gpu mode
in init_distributed_mode if "RANK" in os.environ and "WORLD_SIZE" in os.environ
Rank:2
World Size:4
GPU:2
set distrubuted
imported
gpu mode
in init_distributed_mode if "RANK" in os.environ and "WORLD_SIZE" in os.environ
Rank:1
World Size:4
GPU:1
set distrubuted
