[15:50:17] Conflicting single bond directions around double bond at index 35.
[15:50:17]   BondStereo set to STEREONONE and single bond directions set to NONE.
[15:50:31] Conflicting single bond directions around double bond at index 21.
[15:50:31]   BondStereo set to STEREONONE and single bond directions set to NONE.
[15:51:36] Conflicting single bond directions around double bond at index 23.
[15:51:36]   BondStereo set to STEREONONE and single bond directions set to NONE.
[15:51:43] Conflicting single bond directions around double bond at index 22.
[15:51:43]   BondStereo set to STEREONONE and single bond directions set to NONE.
[15:51:54] Conflicting single bond directions around double bond at index 28.
[15:51:54]   BondStereo set to STEREONONE and single bond directions set to NONE.
[15:52:09] Conflicting single bond directions around double bond at index 13.
[15:52:09]   BondStereo set to STEREONONE and single bond directions set to NONE.
[15:52:17] Conflicting single bond directions around double bond at index 26.
[15:52:17]   BondStereo set to STEREONONE and single bond directions set to NONE.
[15:52:31] Conflicting single bond directions around double bond at index 17.
[15:52:31]   BondStereo set to STEREONONE and single bond directions set to NONE.
[15:52:34] Conflicting single bond directions around double bond at index 9.
[15:52:34]   BondStereo set to STEREONONE and single bond directions set to NONE.
[15:52:38] Conflicting single bond directions around double bond at index 25.
[15:52:38]   BondStereo set to STEREONONE and single bond directions set to NONE.
[15:52:38] Conflicting single bond directions around double bond at index 24.
[15:52:38]   BondStereo set to STEREONONE and single bond directions set to NONE.
[15:52:46] Conflicting single bond directions around double bond at index 43.
[15:52:46]   BondStereo set to STEREONONE and single bond directions set to NONE.
[15:52:59] Conflicting single bond directions around double bond at index 20.
[15:52:59]   BondStereo set to STEREONONE and single bond directions set to NONE.
[15:53:21] Conflicting single bond directions around double bond at index 27.
[15:53:21]   BondStereo set to STEREONONE and single bond directions set to NONE.
[15:53:56] Conflicting single bond directions around double bond at index 10.
[15:53:56]   BondStereo set to STEREONONE and single bond directions set to NONE.
<frozen importlib._bootstrap>:219: RuntimeWarning: scipy._lib.messagestream.MessageStream size changed, may indicate binary incompatibility. Expected 56 from C header, got 64 from PyObject
finish reading
expect a configuration file at : /work/mech-ai/bella/MolTransformer_repo/MolTransformer/train_config.json
Log file will be located at:  /work/mech-ai/bella/MolTransformer_repo/MolTransformer/log_file.log
expect a configuration file at : /work/mech-ai/bella/MolTransformer_repo/MolTransformer/train_config.json
expect a configuration file at : /work/mech-ai/bella/MolTransformer_repo/MolTransformer/train_config.json
expect a configuration file at : /work/mech-ai/bella/MolTransformer_repo/MolTransformer/config.json
Ratio of SELFIES length > 400: 0.0043815
Minimum number of atoms for SELFIES length > 400: 168
Molecules with SELFIES length > 400: 8763
Total molecules: 2000000
